600 211 161730 0.9 546 1
0 69
1 182
2 103
3 189
4 57
5 157
6 145
7 186
8 130
9 77
10 56
11 53
12 181
13 115
14 145
15 88
16 14
17 92
18 101
19 122
20 91
21 72
22 182
23 20
24 92
25 128
26 38
27 203
28 42
29 139
30 16
31 63
32 62
33 99
34 155
35 119
36 196
37 50
38 116
39 109
40 120
41 148
42 116
43 122
44 21
45 70
46 197
47 49
48 6
49 133
50 52
51 89
52 102
53 146
54 114
55 16
56 4
57 106
58 181
59 173
60 113
61 36
62 105
63 123
64 170
65 15
66 129
67 166
68 2
69 166
70 27
71 185
72 105
73 51
74 177
75 5
76 168
77 124
78 32
79 139
80 19
81 164
82 11
83 22
84 168
85 155
86 207
87 205
88 46
89 57
90 150
91 37
92 159
93 131
94 98
95 54
96 95
97 118
98 57
99 137
100 44
101 29
102 34
103 41
104 209
105 95
106 70
107 152
108 163
109 43
110 104
111 114
112 114
113 47
114 11
115 62
116 38
117 196
118 91
119 7
120 112
121 121
122 58
123 102
124 14
125 53
126 156
127 24
128 108
129 5
130 45
131 117
132 9
133 169
134 112
135 28
136 188
137 192
138 154
139 6
140 8
141 111
142 80
143 190
144 103
145 30
146 40
147 63
148 94
149 90
150 143
151 8
152 137
153 5
154 35
155 142
156 167
157 8
158 80
159 11
160 176
161 74
162 67
163 33
164 110
165 48
166 18
167 187
168 38
169 75
170 47
171 133
172 86
173 69
174 94
175 151
176 104
177 10
178 91
179 88
180 40
181 64
182 134
183 200
184 144
185 101
186 180
187 58
188 55
189 71
190 173
191 175
192 168
193 172
194 31
195 75
196 106
197 139
198 37
199 68
200 0
201 63
202 182
203 19
204 159
205 10
206 89
207 29
208 153
209 25
210 45
211 80
212 31
213 60
214 121
215 154
216 20
217 78
218 107
219 33
220 28
221 119
222 195
223 141
224 57
225 109
226 67
227 106
228 23
229 76
230 82
231 122
232 39
233 113
234 13
235 68
236 51
237 48
238 25
239 74
240 206
241 2
242 83
243 44
244 152
245 201
246 16
247 82
248 150
249 188
250 146
251 164
252 10
253 205
254 31
255 0
256 202
257 73
258 100
259 82
260 96
261 50
262 98
263 130
264 92
265 18
266 86
267 25
268 60
269 77
270 93
271 115
272 118
273 157
274 65
275 115
276 46
277 191
278 165
279 15
280 32
281 66
282 58
283 27
284 86
285 81
286 19
287 94
288 128
289 30
290 12
291 114
292 76
293 177
294 49
295 73
296 141
297 109
298 78
299 66
300 174
301 68
302 4
303 112
304 120
305 123
306 203
307 38
308 144
309 124
310 166
311 172
312 35
313 147
314 95
315 50
316 85
317 90
318 73
319 160
320 156
321 201
322 84
323 156
324 147
325 135
326 63
327 183
328 12
329 140
330 149
331 121
332 149
333 174
334 158
335 12
336 77
337 1
338 204
339 170
340 87
341 75
342 79
343 65
344 85
345 84
346 29
347 26
348 53
349 144
350 191
351 120
352 185
353 32
354 142
355 195
356 41
357 103
358 36
359 28
360 117
361 21
362 1
363 23
364 9
365 107
366 17
367 3
368 138
369 209
370 52
371 23
372 40
373 69
374 21
375 122
376 193
377 161
378 200
379 136
380 152
381 82
382 184
383 197
384 1
385 175
386 81
387 173
388 72
389 37
390 97
391 172
392 26
393 208
394 81
395 22
396 111
397 46
398 3
399 39
400 104
401 133
402 162
403 126
404 162
405 179
406 42
407 25
408 145
409 171
410 186
411 15
412 132
413 62
414 124
415 88
416 55
417 97
418 72
419 132
420 20
421 148
422 165
423 165
424 116
425 135
426 148
427 42
428 9
429 7
430 56
431 1
432 49
433 159
434 48
435 202
436 14
437 169
438 199
439 30
440 27
441 151
442 176
443 2
444 85
445 52
446 194
447 51
448 180
449 18
450 187
451 7
452 93
453 59
454 53
455 153
456 160
457 100
458 138
459 137
460 108
461 84
462 33
463 41
464 39
465 61
466 194
467 153
468 17
469 13
470 107
471 150
472 45
473 116
474 5
475 193
476 41
477 6
478 78
479 101
480 47
481 96
482 163
483 108
484 64
485 178
486 110
487 56
488 166
489 210
490 17
491 131
492 59
493 125
494 4
495 34
496 127
497 3
498 23
499 36
500 147
501 119
502 127
503 54
504 43
505 60
506 126
507 24
508 189
509 52
510 118
511 54
512 179
513 81
514 0
515 136
516 178
517 192
518 96
519 86
520 79
521 149
522 134
523 117
524 130
525 99
526 55
527 125
528 143
529 22
530 129
531 65
532 198
533 102
534 98
535 43
536 129
537 183
538 146
539 79
540 171
541 131
542 26
543 158
544 211
545 70
546 155
547 161
548 35
549 157
550 83
551 96
552 205
553 71
554 67
555 89
556 100
557 16
558 111
559 99
560 56
561 74
562 71
563 123
564 13
565 6
566 99
567 97
568 113
569 141
570 140
571 180
572 84
573 87
574 110
575 24
576 87
577 34
578 192
579 77
580 123
581 184
582 128
583 126
584 127
585 66
586 105
587 151
588 181
589 61
590 35
591 83
592 33
593 65
594 190
595 93
596 100
597 44
598 61
599 167
