600 107 107820 0.6 371 0
0 87
1 70
2 21
3 13
4 82
5 51
6 42
7 89
8 5
9 1
10 17
11 51
12 46
13 46
14 63
15 20
16 13
17 47
18 73
19 13
20 62
21 29
22 35
23 43
24 43
25 41
26 41
27 52
28 36
29 65
30 63
31 19
32 45
33 100
34 50
35 21
36 97
37 39
38 24
39 77
40 33
41 32
42 61
43 48
44 7
45 42
46 16
47 21
48 37
49 93
50 86
51 23
52 3
53 41
54 2
55 11
56 24
57 66
58 83
59 101
60 102
61 72
62 49
63 24
64 9
65 59
66 45
67 10
68 19
69 15
70 52
71 55
72 14
73 38
74 93
75 72
76 21
77 5
78 58
79 50
80 49
81 37
82 27
83 1
84 47
85 100
86 60
87 61
88 2
89 47
90 18
91 101
92 79
93 45
94 27
95 66
96 93
97 84
98 0
99 5
100 47
101 11
102 69
103 5
104 34
105 80
106 87
107 84
108 18
109 29
110 9
111 97
112 58
113 86
114 63
115 60
116 44
117 92
118 77
119 39
120 103
121 40
122 96
123 44
124 54
125 20
126 10
127 53
128 29
129 20
130 39
131 89
132 52
133 33
134 65
135 43
136 92
137 95
138 12
139 31
140 70
141 14
142 75
143 46
144 106
145 56
146 59
147 103
148 33
149 51
150 15
151 102
152 78
153 26
154 50
155 11
156 50
157 41
158 64
159 16
160 71
161 75
162 56
163 24
164 34
165 9
166 7
167 53
168 58
169 0
170 6
171 57
172 1
173 59
174 42
175 25
176 85
177 39
178 42
179 5
180 41
181 76
182 73
183 35
184 28
185 64
186 85
187 76
188 1
189 28
190 40
191 25
192 34
193 18
194 59
195 82
196 68
197 15
198 23
199 33
200 19
201 28
202 88
203 32
204 70
205 11
206 49
207 19
208 41
209 54
210 45
211 1
212 30
213 56
214 36
215 77
216 74
217 73
218 12
219 17
220 30
221 17
222 56
223 84
224 34
225 67
226 47
227 4
228 13
229 3
230 86
231 60
232 45
233 66
234 8
235 98
236 95
237 19
238 13
239 32
240 103
241 7
242 29
243 40
244 10
245 57
246 80
247 62
248 56
249 4
250 64
251 20
252 54
253 10
254 17
255 65
256 26
257 57
258 51
259 55
260 14
261 96
262 3
263 57
264 7
265 17
266 68
267 107
268 48
269 14
270 26
271 11
272 32
273 67
274 55
275 78
276 26
277 2
278 38
279 9
280 70
281 37
282 7
283 35
284 38
285 84
286 65
287 24
288 2
289 75
290 54
291 88
292 90
293 62
294 19
295 10
296 101
297 84
298 95
299 46
300 5
301 53
302 27
303 30
304 77
305 71
306 3
307 47
308 6
309 76
310 20
311 85
312 106
313 51
314 0
315 48
316 22
317 51
318 64
319 54
320 69
321 8
322 43
323 3
324 44
325 27
326 66
327 39
328 11
329 71
330 86
331 94
332 62
333 20
334 8
335 59
336 4
337 88
338 14
339 7
340 65
341 28
342 80
343 71
344 6
345 67
346 75
347 12
348 6
349 32
350 55
351 41
352 73
353 4
354 75
355 68
356 93
357 82
358 31
359 1
360 89
361 91
362 14
363 36
364 53
365 14
366 41
367 90
368 6
369 88
370 79
371 72
372 25
373 15
374 61
375 31
376 0
377 8
378 8
379 34
380 52
381 46
382 21
383 22
384 4
385 90
386 24
387 29
388 79
389 59
390 30
391 69
392 0
393 49
394 22
395 91
396 86
397 48
398 12
399 6
400 31
401 25
402 83
403 33
404 91
405 31
406 74
407 22
408 34
409 8
410 90
411 15
412 34
413 18
414 67
415 60
416 16
417 12
418 81
419 49
420 98
421 53
422 30
423 81
424 80
425 68
426 24
427 98
428 1
429 0
430 23
431 15
432 2
433 83
434 43
435 23
436 47
437 25
438 27
439 37
440 33
441 8
442 42
443 64
444 13
445 61
446 94
447 18
448 105
449 21
450 58
451 36
452 64
453 0
454 74
455 58
456 17
457 3
458 37
459 22
460 63
461 38
462 44
463 105
464 50
465 37
466 77
467 22
468 27
469 6
470 30
471 99
472 102
473 57
474 66
475 81
476 87
477 43
478 32
479 78
480 38
481 23
482 13
483 36
484 94
485 73
486 12
487 68
488 10
489 2
490 59
491 57
492 50
493 70
494 36
495 9
496 48
497 73
498 37
499 58
500 67
501 60
502 26
503 17
504 31
505 27
506 23
507 2
508 67
509 7
510 66
511 95
512 20
513 96
514 89
515 18
516 16
517 1
518 53
519 72
520 28
521 16
522 91
523 61
524 12
525 62
526 63
527 10
528 76
529 85
530 21
531 32
532 38
533 67
534 81
535 46
536 76
537 74
538 30
539 40
540 29
541 4
542 23
543 35
544 77
545 9
546 54
547 11
548 99
549 35
550 51
551 52
552 6
553 85
554 72
555 68
556 16
557 69
558 35
559 18
560 78
561 49
562 42
563 3
564 2
565 5
566 71
567 53
568 79
569 97
570 28
571 22
572 72
573 62
574 55
575 40
576 97
577 26
578 79
579 45
580 40
581 97
582 92
583 100
584 57
585 26
586 104
587 4
588 44
589 83
590 39
591 48
592 38
593 85
594 65
595 40
596 82
597 69
598 87
599 28
