600 202 161730 0.9 546 1
0 159
1 45
2 185
3 46
4 88
5 47
6 200
7 134
8 27
9 126
10 23
11 16
12 202
13 17
14 174
15 124
16 99
17 27
18 189
19 181
20 42
21 140
22 71
23 7
24 81
25 172
26 69
27 20
28 10
29 81
30 3
31 105
32 169
33 1
34 137
35 196
36 161
37 179
38 41
39 95
40 157
41 139
42 145
43 127
44 143
45 115
46 8
47 77
48 171
49 166
50 140
51 104
52 81
53 59
54 194
55 131
56 124
57 128
58 121
59 29
60 85
61 174
62 54
63 92
64 85
65 66
66 37
67 153
68 34
69 197
70 117
71 10
72 110
73 80
74 184
75 155
76 8
77 115
78 138
79 60
80 131
81 35
82 163
83 39
84 33
85 125
86 180
87 44
88 135
89 48
90 151
91 183
92 168
93 130
94 179
95 90
96 118
97 186
98 66
99 83
100 11
101 97
102 123
103 40
104 1
105 78
106 46
107 168
108 53
109 76
110 33
111 145
112 164
113 52
114 68
115 88
116 116
117 112
118 138
119 188
120 60
121 87
122 94
123 114
124 194
125 16
126 121
127 25
128 146
129 100
130 66
131 178
132 115
133 99
134 49
135 190
136 17
137 39
138 52
139 1
140 63
141 191
142 165
143 67
144 21
145 177
146 87
147 11
148 151
149 36
150 15
151 63
152 77
153 92
154 41
155 160
156 102
157 181
158 76
159 119
160 31
161 111
162 160
163 85
164 148
165 46
166 106
167 69
168 20
169 122
170 107
171 67
172 165
173 139
174 133
175 162
176 107
177 55
178 117
179 150
180 68
181 163
182 64
183 83
184 179
185 167
186 199
187 196
188 80
189 123
190 95
191 89
192 18
193 4
194 50
195 152
196 77
197 51
198 103
199 130
200 154
201 40
202 94
203 100
204 53
205 175
206 28
207 96
208 139
209 201
210 108
211 183
212 169
213 88
214 169
215 141
216 109
217 70
218 98
219 126
220 12
221 32
222 116
223 72
224 133
225 95
226 24
227 0
228 64
229 125
230 18
231 153
232 22
233 147
234 58
235 114
236 177
237 114
238 4
239 55
240 23
241 181
242 40
243 173
244 170
245 117
246 134
247 142
248 57
249 143
250 72
251 68
252 131
253 18
254 70
255 156
256 43
257 23
258 13
259 74
260 119
261 38
262 109
263 161
264 133
265 69
266 180
267 117
268 12
269 7
270 96
271 91
272 96
273 38
274 74
275 91
276 159
277 97
278 135
279 104
280 37
281 120
282 195
283 60
284 44
285 158
286 73
287 157
288 129
289 175
290 144
291 158
292 58
293 188
294 182
295 144
296 50
297 50
298 61
299 148
300 62
301 78
302 156
303 86
304 136
305 4
306 97
307 48
308 98
309 100
310 37
311 170
312 64
313 155
314 29
315 86
316 22
317 19
318 61
319 201
320 142
321 86
322 35
323 21
324 6
325 19
326 11
327 2
328 145
329 149
330 162
331 54
332 79
333 157
334 73
335 89
336 141
337 75
338 161
339 57
340 96
341 185
342 108
343 118
344 93
345 27
346 19
347 93
348 16
349 2
350 47
351 71
352 82
353 61
354 125
355 116
356 147
357 91
358 113
359 31
360 30
361 28
362 145
363 90
364 173
365 82
366 120
367 71
368 137
369 56
370 167
371 162
372 164
373 152
374 143
375 187
376 3
377 122
378 106
379 187
380 9
381 166
382 127
383 78
384 75
385 108
386 121
387 103
388 56
389 5
390 136
391 182
392 124
393 102
394 149
395 22
396 10
397 92
398 158
399 134
400 85
401 136
402 63
403 178
404 176
405 149
406 112
407 12
408 172
409 188
410 55
411 150
412 105
413 173
414 100
415 9
416 146
417 45
418 56
419 70
420 7
421 49
422 144
423 154
424 45
425 5
426 49
427 113
428 139
429 35
430 0
431 178
432 35
433 107
434 36
435 43
436 51
437 14
438 84
439 122
440 47
441 23
442 101
443 34
444 53
445 150
446 74
447 138
448 73
449 13
450 140
451 141
452 186
453 106
454 16
455 87
456 110
457 94
458 189
459 65
460 32
461 104
462 90
463 163
464 137
465 119
466 129
467 54
468 17
469 62
470 82
471 62
472 14
473 41
474 164
475 120
476 98
477 83
478 126
479 107
480 99
481 164
482 172
483 29
484 128
485 75
486 77
487 195
488 31
489 186
490 167
491 3
492 8
493 192
494 42
495 132
496 70
497 44
498 25
499 5
500 189
501 32
502 15
503 185
504 130
505 11
506 151
507 148
508 127
509 101
510 13
511 132
512 105
513 166
514 20
515 111
516 67
517 2
518 57
519 36
520 192
521 79
522 184
523 59
524 21
525 198
526 176
527 84
528 15
529 146
530 168
531 25
532 33
533 59
534 109
535 42
536 82
537 141
538 72
539 65
540 26
541 52
542 102
543 110
544 26
545 103
546 30
547 93
548 160
549 30
550 9
551 58
552 6
553 14
554 123
555 34
556 190
557 101
558 0
559 24
560 142
561 193
562 57
563 175
564 174
565 171
566 24
567 51
568 79
569 48
570 156
571 26
572 34
573 177
574 154
575 84
576 6
577 153
578 43
579 159
580 111
581 80
582 190
583 39
584 152
585 65
586 38
587 160
588 28
589 118
590 129
591 89
592 113
593 135
594 112
595 76
596 132
597 170
598 6
599 147
