600 213 161730 0.9 546 1
0 37
1 165
2 31
3 146
4 149
5 145
6 2
7 99
8 201
9 34
10 146
11 55
12 3
13 31
14 47
15 113
16 131
17 139
18 22
19 20
20 151
21 89
22 104
23 149
24 150
25 40
26 44
27 185
28 200
29 155
30 70
31 35
32 50
33 120
34 13
35 13
36 60
37 34
38 123
39 93
40 77
41 79
42 32
43 11
44 85
45 125
46 180
47 152
48 15
49 54
50 69
51 137
52 133
53 143
54 2
55 70
56 76
57 71
58 107
59 110
60 156
61 38
62 166
63 7
64 121
65 121
66 135
67 29
68 161
69 10
70 67
71 122
72 122
73 94
74 28
75 59
76 211
77 105
78 83
79 38
80 104
81 168
82 66
83 96
84 158
85 13
86 17
87 168
88 101
89 127
90 63
91 29
92 22
93 4
94 24
95 62
96 114
97 10
98 158
99 74
100 201
101 123
102 67
103 188
104 105
105 62
106 187
107 43
108 180
109 153
110 162
111 64
112 52
113 170
114 157
115 144
116 116
117 60
118 91
119 19
120 128
121 78
122 148
123 117
124 6
125 186
126 107
127 102
128 73
129 132
130 158
131 4
132 39
133 9
134 145
135 18
136 205
137 178
138 72
139 213
140 118
141 17
142 42
143 117
144 169
145 21
146 147
147 51
148 46
149 166
150 198
151 118
152 74
153 120
154 155
155 56
156 109
157 7
158 20
159 112
160 182
161 66
162 35
163 156
164 19
165 146
166 51
167 154
168 185
169 100
170 110
171 92
172 62
173 10
174 106
175 30
176 119
177 151
178 115
179 69
180 97
181 22
182 166
183 144
184 2
185 8
186 7
187 0
188 104
189 111
190 130
191 53
192 195
193 97
194 128
195 59
196 77
197 175
198 79
199 97
200 70
201 160
202 31
203 5
204 164
205 39
206 171
207 23
208 1
209 1
210 45
211 26
212 50
213 50
214 25
215 82
216 88
217 72
218 15
219 109
220 182
221 192
222 28
223 138
224 4
225 135
226 124
227 203
228 98
229 105
230 64
231 71
232 63
233 81
234 47
235 102
236 44
237 33
238 193
239 139
240 199
241 24
242 177
243 48
244 43
245 115
246 63
247 86
248 136
249 80
250 26
251 159
252 98
253 72
254 30
255 18
256 184
257 15
258 197
259 129
260 112
261 102
262 121
263 15
264 56
265 154
266 30
267 45
268 207
269 133
270 53
271 137
272 136
273 35
274 100
275 51
276 7
277 119
278 83
279 27
280 177
281 90
282 4
283 173
284 181
285 42
286 127
287 37
288 95
289 39
290 54
291 61
292 47
293 21
294 36
295 19
296 116
297 114
298 176
299 19
300 167
301 160
302 68
303 145
304 31
305 212
306 68
307 91
308 36
309 116
310 109
311 49
312 155
313 75
314 83
315 133
316 160
317 144
318 131
319 1
320 8
321 115
322 80
323 204
324 64
325 181
326 202
327 195
328 67
329 58
330 57
331 78
332 153
333 65
334 161
335 139
336 34
337 149
338 55
339 16
340 136
341 11
342 65
343 53
344 143
345 172
346 104
347 52
348 200
349 207
350 190
351 165
352 111
353 20
354 108
355 66
356 12
357 150
358 38
359 191
360 190
361 167
362 32
363 98
364 44
365 106
366 73
367 36
368 29
369 162
370 38
371 57
372 9
373 6
374 65
375 23
376 132
377 17
378 120
379 23
380 198
381 27
382 96
383 100
384 103
385 118
386 87
387 107
388 171
389 202
390 92
391 25
392 87
393 94
394 68
395 141
396 140
397 129
398 61
399 99
400 25
401 92
402 164
403 14
404 34
405 91
406 101
407 48
408 8
409 0
410 99
411 27
412 127
413 24
414 132
415 209
416 52
417 176
418 61
419 141
420 210
421 79
422 80
423 5
424 96
425 194
426 140
427 120
428 57
429 164
430 203
431 43
432 193
433 81
434 163
435 103
436 58
437 206
438 152
439 110
440 3
441 169
442 49
443 189
444 77
445 69
446 163
447 89
448 99
449 173
450 84
451 82
452 5
453 108
454 171
455 147
456 103
457 75
458 6
459 74
460 85
461 114
462 125
463 58
464 88
465 22
466 95
467 178
468 180
469 154
470 142
471 3
472 206
473 172
474 21
475 95
476 122
477 129
478 84
479 28
480 131
481 32
482 40
483 192
484 84
485 108
486 148
487 16
488 138
489 12
490 42
491 183
492 147
493 13
494 88
495 46
496 159
497 179
498 196
499 199
500 17
501 181
502 87
503 11
504 78
505 151
506 63
507 37
508 90
509 109
510 197
511 94
512 1
513 54
514 106
515 75
516 117
517 90
518 40
519 173
520 16
521 130
522 33
523 174
524 138
525 9
526 41
527 113
528 41
529 76
530 41
531 188
532 183
533 174
534 72
535 186
536 85
537 48
538 16
539 113
540 46
541 82
542 135
543 27
544 78
545 125
546 73
547 126
548 14
549 184
550 134
551 101
552 148
553 134
554 8
555 189
556 18
557 126
558 140
559 103
560 86
561 14
562 51
563 39
564 47
565 45
566 194
567 175
568 86
569 170
570 12
571 139
572 20
573 33
574 55
575 41
576 142
577 71
578 93
579 59
580 124
581 157
582 0
583 179
584 76
585 37
586 182
587 56
588 187
589 111
590 26
591 126
592 49
593 60
594 124
595 12
596 93
597 3
598 208
599 81
