749 499 124750 0.75 749 749
0 286
1 433
2 156
3 429
4 283
5 116
6 498
7 386
8 245
9 494
10 81
11 226
12 409
13 124
14 186
15 96
16 57
17 196
18 420
19 166
20 201
21 336
22 78
23 311
24 169
25 198
26 436
27 479
28 292
29 313
30 445
31 89
32 144
33 234
34 308
35 7
36 466
37 19
38 183
39 235
40 332
41 331
42 28
43 340
44 35
45 232
46 276
47 46
48 18
49 103
50 285
51 444
52 382
53 95
54 329
55 380
56 373
57 45
58 450
59 112
60 294
61 194
62 260
63 291
64 339
65 148
66 66
67 87
68 277
69 461
70 56
71 39
72 162
73 442
74 324
75 237
76 185
77 480
78 203
79 152
80 33
81 290
82 231
83 443
84 316
85 122
86 280
87 2
88 79
89 176
90 130
91 440
92 337
93 352
94 53
95 189
96 490
97 432
98 385
99 356
100 244
101 383
102 410
103 129
104 261
105 157
106 126
107 477
108 193
109 115
110 493
111 32
112 44
113 372
114 141
115 398
116 3
117 403
118 100
119 84
120 93
121 374
122 249
123 238
124 224
125 128
126 319
127 218
128 320
129 120
130 297
131 197
132 68
133 121
134 105
135 402
136 154
137 389
138 419
139 143
140 351
141 246
142 318
143 424
144 191
145 117
146 271
147 63
148 388
149 377
150 361
151 452
152 459
153 284
154 474
155 25
156 145
157 396
158 393
159 303
160 472
161 439
162 471
163 485
164 304
165 215
166 272
167 125
168 104
169 434
170 430
171 306
172 146
173 350
174 26
175 76
176 427
177 378
178 307
179 295
180 80
181 67
182 278
183 149
184 421
185 4
186 387
187 29
188 371
189 161
190 384
191 275
192 255
193 367
194 448
195 468
196 407
197 151
198 425
199 206
200 355
201 491
202 230
203 301
204 330
205 496
206 11
207 247
208 22
209 37
210 274
211 364
212 49
213 213
214 379
215 321
216 55
217 323
218 140
219 9
220 359
221 300
222 131
223 114
224 16
225 150
226 223
227 178
228 200
229 8
230 181
231 264
232 205
233 357
234 192
235 404
236 90
237 15
238 346
239 358
240 394
241 180
242 475
243 486
244 282
245 70
246 395
247 216
248 334
249 397
250 108
251 241
252 135
253 228
254 327
255 34
256 438
257 83
258 132
259 17
260 248
261 456
262 107
263 158
264 458
265 423
266 210
267 354
268 221
269 239
270 289
271 219
272 86
273 460
274 177
275 171
276 85
277 30
278 256
279 74
280 253
281 476
282 483
283 411
284 242
285 207
286 392
287 240
288 82
289 469
290 170
291 381
292 335
293 182
294 273
295 369
296 31
297 408
298 24
299 422
300 499
301 449
302 417
303 5
304 61
305 345
306 457
307 102
308 173
309 220
310 13
311 315
312 333
313 159
314 268
315 317
316 363
317 287
318 455
319 406
320 281
321 20
322 418
323 155
324 347
325 415
326 94
327 113
328 71
329 88
330 328
331 312
332 454
333 243
334 98
335 360
336 163
337 10
338 111
339 489
340 40
341 109
342 110
343 478
344 209
345 137
346 262
347 453
348 179
349 41
350 47
351 187
352 133
353 97
354 164
355 437
356 390
357 470
358 279
359 473
360 416
361 310
362 322
363 62
364 172
365 127
366 492
367 118
368 212
369 342
370 487
371 462
372 58
373 325
374 428
375 138
376 36
377 236
378 258
379 51
380 184
381 269
382 136
383 467
384 101
385 353
386 64
387 14
388 254
389 142
390 225
391 426
392 50
393 27
394 302
395 214
396 227
397 75
398 259
399 401
400 199
401 252
402 250
403 153
404 344
405 119
406 405
407 484
408 52
409 168
410 147
411 167
412 349
413 399
414 288
415 368
416 435
417 72
418 451
419 495
420 296
421 43
422 59
423 257
424 463
425 375
426 365
427 6
428 48
429 42
430 0
431 293
432 38
433 298
434 1
435 265
436 343
437 174
438 195
439 341
440 60
441 211
442 314
443 309
444 400
445 134
446 414
447 65
448 204
449 464
450 270
451 73
452 160
453 123
454 326
455 267
456 202
457 465
458 362
459 370
460 21
461 23
462 165
463 92
464 391
465 431
466 299
467 217
468 233
469 266
470 488
471 441
472 447
473 338
474 446
475 413
476 69
477 208
478 305
479 139
480 482
481 188
482 190
483 348
484 412
485 106
486 77
487 229
488 12
489 175
490 54
491 251
492 376
493 99
494 91
495 481
496 263
497 497
498 366
499 222
500 0
501 0
502 0
503 0
504 0
505 0
506 0
507 0
508 0
509 0
510 0
511 0
512 0
513 0
514 0
515 0
516 0
517 0
518 0
519 0
520 0
521 0
522 0
523 0
524 0
525 0
526 0
527 0
528 0
529 0
530 0
531 0
532 0
533 0
534 0
535 0
536 0
537 0
538 0
539 0
540 0
541 0
542 0
543 0
544 0
545 0
546 0
547 0
548 0
549 0
550 0
551 0
552 0
553 0
554 0
555 0
556 0
557 0
558 0
559 0
560 0
561 0
562 0
563 0
564 0
565 0
566 0
567 0
568 0
569 0
570 0
571 0
572 0
573 0
574 0
575 0
576 0
577 0
578 0
579 0
580 0
581 0
582 0
583 0
584 0
585 0
586 0
587 0
588 0
589 0
590 0
591 0
592 0
593 0
594 0
595 0
596 0
597 0
598 0
599 0
600 0
601 0
602 0
603 0
604 0
605 0
606 0
607 0
608 0
609 0
610 0
611 0
612 0
613 0
614 0
615 0
616 0
617 0
618 0
619 0
620 0
621 0
622 0
623 0
624 0
625 0
626 0
627 0
628 0
629 0
630 0
631 0
632 0
633 0
634 0
635 0
636 0
637 0
638 0
639 0
640 0
641 0
642 0
643 0
644 0
645 0
646 0
647 0
648 0
649 0
650 0
651 0
652 0
653 0
654 0
655 0
656 0
657 0
658 0
659 0
660 0
661 0
662 0
663 0
664 0
665 0
666 0
667 0
668 0
669 0
670 0
671 0
672 0
673 0
674 0
675 0
676 0
677 0
678 0
679 0
680 0
681 0
682 0
683 0
684 0
685 0
686 0
687 0
688 0
689 0
690 0
691 0
692 0
693 0
694 0
695 0
696 0
697 0
698 0
699 0
700 0
701 0
702 0
703 0
704 0
705 0
706 0
707 0
708 0
709 0
710 0
711 0
712 0
713 0
714 0
715 0
716 0
717 0
718 0
719 0
720 0
721 0
722 0
723 0
724 0
725 0
726 0
727 0
728 0
729 0
730 0
731 0
732 0
733 0
734 0
735 0
736 0
737 0
738 0
739 0
740 0
741 0
742 0
743 0
744 0
745 0
746 0
747 0
748 0
