749 499 124750 0.75 749 749
0 139
1 490
2 7
3 70
4 392
5 495
6 424
7 38
8 185
9 382
10 288
11 230
12 482
13 191
14 240
15 18
16 78
17 92
18 177
19 25
20 229
21 327
22 124
23 120
24 422
25 237
26 143
27 352
28 135
29 252
30 408
31 446
32 62
33 469
34 306
35 337
36 269
37 420
38 346
39 22
40 493
41 497
42 84
43 162
44 333
45 280
46 293
47 353
48 68
49 472
50 160
51 357
52 324
53 276
54 197
55 215
56 251
57 336
58 274
59 16
60 334
61 3
62 93
63 313
64 406
65 133
66 60
67 175
68 30
69 46
70 216
71 384
72 390
73 52
74 211
75 444
76 110
77 260
78 125
79 138
80 141
81 361
82 264
83 400
84 348
85 398
86 322
87 222
88 362
89 308
90 242
91 36
92 161
93 316
94 144
95 224
96 108
97 130
98 429
99 254
100 435
101 461
102 1
103 431
104 354
105 190
106 231
107 415
108 332
109 388
110 12
111 163
112 61
113 456
114 44
115 321
116 363
117 491
118 64
119 232
120 106
121 28
122 186
123 236
124 79
125 436
126 283
127 178
128 121
129 89
130 296
131 136
132 67
133 73
134 134
135 364
136 386
137 318
138 266
139 397
140 372
141 205
142 399
143 207
144 91
145 33
146 239
147 195
148 65
149 359
150 109
151 9
152 51
153 409
154 487
155 481
156 258
157 468
158 88
159 426
160 122
161 249
162 11
163 448
164 291
165 299
166 488
167 14
168 8
169 203
170 477
171 301
172 126
173 21
174 375
175 181
176 279
177 137
178 100
179 441
180 235
181 96
182 394
183 55
184 221
185 149
186 407
187 464
188 389
189 184
190 223
191 479
192 369
193 295
194 374
195 315
196 350
197 340
198 289
199 210
200 356
201 19
202 486
203 345
204 154
205 42
206 474
207 37
208 10
209 312
210 198
211 438
212 325
213 330
214 489
215 146
216 414
217 358
218 115
219 378
220 244
221 218
222 166
223 48
224 437
225 323
226 314
227 75
228 50
229 74
230 440
231 204
232 492
233 213
234 455
235 116
236 5
237 233
238 255
239 199
240 385
241 188
242 433
243 447
244 452
245 94
246 155
247 466
248 173
249 107
250 172
251 118
252 292
253 45
254 339
255 387
256 463
257 202
258 6
259 355
260 347
261 119
262 404
263 43
264 167
265 63
266 66
267 294
268 227
269 476
270 425
271 87
272 104
273 416
274 462
275 225
276 41
277 473
278 271
279 111
280 4
281 17
282 278
283 377
284 317
285 282
286 405
287 128
288 342
289 395
290 376
291 412
292 439
293 129
294 443
295 349
296 300
297 214
298 396
299 54
300 478
301 343
302 150
303 219
304 496
305 103
306 97
307 428
308 453
309 86
310 170
311 72
312 259
313 0
314 158
315 53
316 183
317 402
318 117
319 39
320 304
321 140
322 367
323 281
324 180
325 451
326 368
327 226
328 2
329 326
330 277
331 418
332 484
333 34
334 366
335 383
336 147
337 449
338 82
339 287
340 58
341 26
342 341
343 298
344 40
345 95
346 247
347 23
348 194
349 127
350 253
351 391
352 450
353 498
354 432
355 159
356 123
357 156
358 83
359 71
360 182
361 303
362 113
363 32
364 268
365 217
366 98
367 267
368 344
369 209
370 310
371 238
372 90
373 59
374 329
375 35
376 257
377 272
378 27
379 187
380 164
381 263
382 85
383 459
384 311
385 152
386 148
387 80
388 284
389 145
390 320
391 132
392 309
393 465
394 256
395 153
396 13
397 335
398 393
399 475
400 193
401 24
402 290
403 49
404 192
405 31
406 212
407 419
408 460
409 494
410 157
411 234
412 69
413 102
414 171
415 430
416 371
417 189
418 401
419 196
420 169
421 168
422 20
423 81
424 365
425 302
426 423
427 179
428 131
429 243
430 286
431 305
432 381
433 200
434 471
435 176
436 165
437 99
438 151
439 245
440 228
441 56
442 262
443 307
444 57
445 445
446 285
447 208
448 458
449 241
450 265
451 403
452 467
453 410
454 480
455 246
456 297
457 373
458 270
459 142
460 470
461 442
462 411
463 319
464 101
465 15
466 351
467 331
468 105
469 29
470 114
471 370
472 454
473 413
474 360
475 434
476 273
477 338
478 499
479 421
480 328
481 174
482 76
483 417
484 112
485 485
486 457
487 77
488 201
489 261
490 275
491 427
492 47
493 483
494 380
495 250
496 379
497 206
498 220
499 248
500 0
501 0
502 0
503 0
504 0
505 0
506 0
507 0
508 0
509 0
510 0
511 0
512 0
513 0
514 0
515 0
516 0
517 0
518 0
519 0
520 0
521 0
522 0
523 0
524 0
525 0
526 0
527 0
528 0
529 0
530 0
531 0
532 0
533 0
534 0
535 0
536 0
537 0
538 0
539 0
540 0
541 0
542 0
543 0
544 0
545 0
546 0
547 0
548 0
549 0
550 0
551 0
552 0
553 0
554 0
555 0
556 0
557 0
558 0
559 0
560 0
561 0
562 0
563 0
564 0
565 0
566 0
567 0
568 0
569 0
570 0
571 0
572 0
573 0
574 0
575 0
576 0
577 0
578 0
579 0
580 0
581 0
582 0
583 0
584 0
585 0
586 0
587 0
588 0
589 0
590 0
591 0
592 0
593 0
594 0
595 0
596 0
597 0
598 0
599 0
600 0
601 0
602 0
603 0
604 0
605 0
606 0
607 0
608 0
609 0
610 0
611 0
612 0
613 0
614 0
615 0
616 0
617 0
618 0
619 0
620 0
621 0
622 0
623 0
624 0
625 0
626 0
627 0
628 0
629 0
630 0
631 0
632 0
633 0
634 0
635 0
636 0
637 0
638 0
639 0
640 0
641 0
642 0
643 0
644 0
645 0
646 0
647 0
648 0
649 0
650 0
651 0
652 0
653 0
654 0
655 0
656 0
657 0
658 0
659 0
660 0
661 0
662 0
663 0
664 0
665 0
666 0
667 0
668 0
669 0
670 0
671 0
672 0
673 0
674 0
675 0
676 0
677 0
678 0
679 0
680 0
681 0
682 0
683 0
684 0
685 0
686 0
687 0
688 0
689 0
690 0
691 0
692 0
693 0
694 0
695 0
696 0
697 0
698 0
699 0
700 0
701 0
702 0
703 0
704 0
705 0
706 0
707 0
708 0
709 0
710 0
711 0
712 0
713 0
714 0
715 0
716 0
717 0
718 0
719 0
720 0
721 0
722 0
723 0
724 0
725 0
726 0
727 0
728 0
729 0
730 0
731 0
732 0
733 0
734 0
735 0
736 0
737 0
738 0
739 0
740 0
741 0
742 0
743 0
744 0
745 0
746 0
747 0
748 0
