600 69 71880 0.4 277 0
0 10
1 34
2 53
3 17
4 30
5 28
6 35
7 2
8 13
9 5
10 37
11 19
12 24
13 55
14 41
15 58
16 6
17 36
18 44
19 12
20 59
21 25
22 11
23 8
24 45
25 1
26 6
27 14
28 14
29 23
30 4
31 29
32 26
33 1
34 57
35 62
36 16
37 21
38 41
39 55
40 19
41 62
42 60
43 48
44 7
45 28
46 64
47 33
48 15
49 33
50 6
51 38
52 30
53 2
54 53
55 4
56 6
57 50
58 7
59 34
60 49
61 36
62 41
63 1
64 33
65 31
66 12
67 47
68 31
69 18
70 9
71 31
72 32
73 35
74 1
75 13
76 11
77 37
78 14
79 22
80 45
81 42
82 39
83 45
84 4
85 29
86 26
87 16
88 14
89 49
90 3
91 56
92 33
93 22
94 7
95 38
96 18
97 61
98 43
99 18
100 52
101 28
102 39
103 46
104 39
105 40
106 8
107 50
108 22
109 49
110 6
111 13
112 6
113 45
114 23
115 48
116 30
117 31
118 2
119 13
120 47
121 9
122 5
123 13
124 28
125 4
126 18
127 5
128 24
129 32
130 22
131 50
132 67
133 27
134 16
135 40
136 51
137 5
138 34
139 38
140 12
141 21
142 19
143 33
144 52
145 55
146 23
147 63
148 50
149 9
150 26
151 12
152 50
153 32
154 20
155 18
156 52
157 38
158 41
159 3
160 26
161 17
162 8
163 7
164 12
165 41
166 8
167 19
168 5
169 60
170 34
171 53
172 66
173 2
174 43
175 28
176 46
177 16
178 29
179 59
180 51
181 22
182 53
183 48
184 35
185 19
186 36
187 62
188 45
189 8
190 12
191 3
192 22
193 11
194 20
195 56
196 7
197 49
198 61
199 46
200 23
201 24
202 29
203 1
204 34
205 2
206 24
207 50
208 29
209 43
210 49
211 24
212 27
213 53
214 3
215 11
216 49
217 35
218 12
219 31
220 59
221 29
222 36
223 24
224 25
225 10
226 15
227 3
228 36
229 54
230 44
231 57
232 35
233 41
234 53
235 32
236 7
237 34
238 4
239 59
240 43
241 21
242 65
243 10
244 14
245 14
246 17
247 15
248 40
249 21
250 67
251 68
252 4
253 47
254 37
255 3
256 24
257 55
258 6
259 26
260 35
261 41
262 4
263 13
264 20
265 52
266 9
267 29
268 28
269 45
270 57
271 12
272 2
273 44
274 31
275 57
276 32
277 5
278 54
279 20
280 47
281 16
282 8
283 32
284 60
285 5
286 25
287 26
288 39
289 25
290 12
291 46
292 63
293 66
294 61
295 1
296 14
297 64
298 26
299 36
300 9
301 33
302 4
303 51
304 34
305 8
306 10
307 25
308 65
309 18
310 15
311 52
312 22
313 4
314 19
315 20
316 54
317 7
318 15
319 22
320 13
321 24
322 3
323 39
324 9
325 37
326 54
327 33
328 60
329 49
330 42
331 58
332 38
333 39
334 37
335 20
336 2
337 17
338 16
339 50
340 67
341 15
342 21
343 48
344 19
345 29
346 30
347 2
348 5
349 29
350 9
351 51
352 19
353 8
354 47
355 6
356 37
357 49
358 61
359 18
360 25
361 40
362 13
363 16
364 22
365 42
366 46
367 15
368 29
369 15
370 20
371 39
372 48
373 13
374 11
375 18
376 63
377 20
378 56
379 56
380 33
381 60
382 10
383 46
384 29
385 8
386 27
387 28
388 45
389 54
390 10
391 35
392 16
393 31
394 1
395 32
396 33
397 8
398 17
399 52
400 37
401 3
402 13
403 51
404 48
405 23
406 33
407 3
408 25
409 8
410 6
411 65
412 38
413 14
414 17
415 44
416 8
417 27
418 11
419 1
420 58
421 51
422 62
423 22
424 46
425 11
426 10
427 34
428 44
429 40
430 47
431 38
432 59
433 44
434 64
435 28
436 4
437 51
438 5
439 51
440 37
441 33
442 51
443 46
444 30
445 47
446 22
447 45
448 19
449 27
450 42
451 53
452 11
453 19
454 18
455 43
456 69
457 30
458 50
459 20
460 21
461 21
462 37
463 26
464 42
465 62
466 27
467 23
468 5
469 8
470 18
471 3
472 34
473 65
474 16
475 42
476 17
477 42
478 11
479 54
480 10
481 56
482 17
483 21
484 7
485 62
486 57
487 16
488 13
489 12
490 39
491 26
492 55
493 32
494 57
495 26
496 16
497 4
498 1
499 40
500 26
501 30
502 36
503 27
504 13
505 57
506 45
507 9
508 27
509 20
510 36
511 66
512 59
513 50
514 2
515 27
516 42
517 24
518 19
519 6
520 58
521 56
522 43
523 35
524 23
525 60
526 10
527 43
528 27
529 30
530 15
531 7
532 10
533 1
534 37
535 25
536 34
537 44
538 21
539 34
540 63
541 40
542 61
543 2
544 9
545 14
546 6
547 50
548 52
549 5
550 56
551 53
552 52
553 38
554 14
555 42
556 43
557 11
558 11
559 55
560 7
561 35
562 23
563 43
564 14
565 28
566 39
567 14
568 7
569 35
570 58
571 41
572 17
573 22
574 2
575 20
576 30
577 25
578 17
579 47
580 64
581 31
582 38
583 59
584 31
585 23
586 32
587 40
588 39
589 58
590 41
591 26
592 12
593 35
594 44
595 23
596 9
597 15
598 17
599 18
