749 499 124750 0.75 749 749
0 335
1 469
2 413
3 480
4 229
5 292
6 130
7 379
8 134
9 163
10 302
11 13
12 290
13 428
14 46
15 358
16 61
17 343
18 321
19 64
20 377
21 285
22 147
23 81
24 242
25 232
26 220
27 276
28 374
29 359
30 392
31 45
32 380
33 68
34 63
35 75
36 11
37 342
38 74
39 143
40 274
41 450
42 110
43 346
44 204
45 492
46 472
47 213
48 316
49 373
50 113
51 201
52 419
53 222
54 295
55 261
56 256
57 50
58 293
59 284
60 127
61 323
62 56
63 252
64 112
65 449
66 338
67 263
68 34
69 65
70 409
71 310
72 168
73 337
74 3
75 433
76 318
77 182
78 383
79 116
80 369
81 170
82 309
83 376
84 440
85 124
86 138
87 206
88 489
89 88
90 151
91 372
92 181
93 231
94 16
95 156
96 126
97 164
98 423
99 345
100 360
101 344
102 91
103 27
104 254
105 314
106 325
107 258
108 160
109 173
110 104
111 54
112 115
113 378
114 334
115 381
116 351
117 388
118 394
119 408
120 332
121 375
122 214
123 317
124 117
125 32
126 243
127 247
128 352
129 270
130 230
131 278
132 291
133 114
134 76
135 176
136 42
137 109
138 195
139 353
140 89
141 382
142 55
143 265
144 67
145 370
146 436
147 280
148 255
149 185
150 248
151 82
152 410
153 199
154 177
155 415
156 367
157 448
158 416
159 131
160 366
161 211
162 418
163 198
164 320
165 431
166 207
167 0
168 80
169 403
170 498
171 296
172 226
173 152
174 233
175 94
176 328
177 97
178 396
179 189
180 36
181 401
182 39
183 460
184 9
185 221
186 422
187 336
188 200
189 238
190 18
191 180
192 217
193 488
194 228
195 218
196 482
197 478
198 49
199 43
200 390
201 245
202 430
203 308
204 456
205 365
206 119
207 405
208 153
209 246
210 155
211 208
212 142
213 14
214 354
215 83
216 150
217 15
218 273
219 474
220 275
221 496
222 385
223 70
224 30
225 179
226 272
227 363
228 31
229 120
230 259
231 71
232 58
233 395
234 411
235 125
236 412
237 84
238 92
239 307
240 283
241 90
242 249
243 459
244 464
245 466
246 102
247 452
248 225
249 399
250 240
251 128
252 368
253 301
254 103
255 455
256 429
257 481
258 86
259 192
260 306
261 121
262 146
263 279
264 38
265 158
266 133
267 441
268 69
269 305
270 24
271 404
272 371
273 253
274 137
275 298
276 10
277 223
278 178
279 266
280 319
281 331
282 167
283 144
284 136
285 453
286 216
287 23
288 48
289 461
290 439
291 470
292 437
293 60
294 288
295 41
296 315
297 426
298 21
299 389
300 407
301 28
302 386
303 20
304 139
305 8
306 495
307 262
308 340
309 101
310 224
311 327
312 490
313 300
314 105
315 149
316 122
317 485
318 145
319 435
320 304
321 183
322 51
323 499
324 79
325 26
326 25
327 294
328 72
329 135
330 171
331 486
332 483
333 62
334 400
335 57
336 237
337 312
338 219
339 434
340 432
341 457
342 476
343 37
344 402
345 333
346 77
347 59
348 289
349 357
350 35
351 93
352 303
353 398
354 267
355 215
356 132
357 227
358 140
359 269
360 7
361 12
362 129
363 424
364 17
365 479
366 364
367 52
368 348
369 209
370 5
371 475
372 341
373 264
374 98
375 111
376 169
377 123
378 159
379 235
380 462
381 172
382 257
383 212
384 444
385 2
386 443
387 96
388 244
389 356
390 85
391 451
392 154
393 406
394 239
395 100
396 1
397 29
398 286
399 73
400 438
401 468
402 78
403 471
404 53
405 281
406 107
407 271
408 454
409 491
410 297
411 384
412 186
413 299
414 330
415 118
416 493
417 467
418 203
419 33
420 184
421 99
422 66
423 157
424 165
425 391
426 324
427 175
428 205
429 108
430 241
431 188
432 420
433 473
434 282
435 47
436 487
437 40
438 326
439 162
440 95
441 191
442 187
443 44
444 234
445 349
446 387
447 414
448 4
449 236
450 87
451 458
452 194
453 417
454 447
455 494
456 427
457 355
458 361
459 22
460 174
461 393
462 339
463 322
464 287
465 148
466 197
467 484
468 350
469 268
470 210
471 6
472 313
473 251
474 202
475 446
476 277
477 445
478 477
479 161
480 497
481 196
482 311
483 329
484 260
485 425
486 362
487 166
488 421
489 397
490 193
491 465
492 250
493 442
494 106
495 190
496 463
497 19
498 347
499 141
500 0
501 0
502 0
503 0
504 0
505 0
506 0
507 0
508 0
509 0
510 0
511 0
512 0
513 0
514 0
515 0
516 0
517 0
518 0
519 0
520 0
521 0
522 0
523 0
524 0
525 0
526 0
527 0
528 0
529 0
530 0
531 0
532 0
533 0
534 0
535 0
536 0
537 0
538 0
539 0
540 0
541 0
542 0
543 0
544 0
545 0
546 0
547 0
548 0
549 0
550 0
551 0
552 0
553 0
554 0
555 0
556 0
557 0
558 0
559 0
560 0
561 0
562 0
563 0
564 0
565 0
566 0
567 0
568 0
569 0
570 0
571 0
572 0
573 0
574 0
575 0
576 0
577 0
578 0
579 0
580 0
581 0
582 0
583 0
584 0
585 0
586 0
587 0
588 0
589 0
590 0
591 0
592 0
593 0
594 0
595 0
596 0
597 0
598 0
599 0
600 0
601 0
602 0
603 0
604 0
605 0
606 0
607 0
608 0
609 0
610 0
611 0
612 0
613 0
614 0
615 0
616 0
617 0
618 0
619 0
620 0
621 0
622 0
623 0
624 0
625 0
626 0
627 0
628 0
629 0
630 0
631 0
632 0
633 0
634 0
635 0
636 0
637 0
638 0
639 0
640 0
641 0
642 0
643 0
644 0
645 0
646 0
647 0
648 0
649 0
650 0
651 0
652 0
653 0
654 0
655 0
656 0
657 0
658 0
659 0
660 0
661 0
662 0
663 0
664 0
665 0
666 0
667 0
668 0
669 0
670 0
671 0
672 0
673 0
674 0
675 0
676 0
677 0
678 0
679 0
680 0
681 0
682 0
683 0
684 0
685 0
686 0
687 0
688 0
689 0
690 0
691 0
692 0
693 0
694 0
695 0
696 0
697 0
698 0
699 0
700 0
701 0
702 0
703 0
704 0
705 0
706 0
707 0
708 0
709 0
710 0
711 0
712 0
713 0
714 0
715 0
716 0
717 0
718 0
719 0
720 0
721 0
722 0
723 0
724 0
725 0
726 0
727 0
728 0
729 0
730 0
731 0
732 0
733 0
734 0
735 0
736 0
737 0
738 0
739 0
740 0
741 0
742 0
743 0
744 0
745 0
746 0
747 0
748 0
