600 62 71880 0.4 277 0
0 10
1 58
2 15
3 23
4 0
5 0
6 55
7 45
8 53
9 0
10 23
11 29
12 58
13 1
14 7
15 6
16 57
17 10
18 40
19 59
20 36
21 23
22 48
23 56
24 49
25 8
26 58
27 37
28 8
29 0
30 41
31 38
32 54
33 32
34 28
35 37
36 20
37 5
38 23
39 40
40 18
41 37
42 37
43 24
44 44
45 17
46 6
47 37
48 57
49 47
50 61
51 5
52 24
53 48
54 8
55 23
56 34
57 29
58 4
59 2
60 3
61 16
62 10
63 50
64 54
65 55
66 16
67 13
68 26
69 30
70 42
71 26
72 12
73 12
74 7
75 10
76 3
77 49
78 51
79 23
80 59
81 46
82 40
83 39
84 4
85 9
86 55
87 15
88 22
89 18
90 46
91 14
92 45
93 35
94 6
95 1
96 44
97 44
98 38
99 2
100 50
101 10
102 3
103 5
104 21
105 13
106 14
107 17
108 52
109 38
110 57
111 21
112 24
113 18
114 36
115 17
116 29
117 17
118 39
119 53
120 2
121 32
122 5
123 0
124 11
125 29
126 53
127 46
128 54
129 36
130 54
131 22
132 47
133 8
134 53
135 7
136 1
137 30
138 31
139 29
140 51
141 34
142 21
143 49
144 50
145 5
146 26
147 19
148 22
149 16
150 24
151 47
152 13
153 18
154 43
155 47
156 24
157 49
158 43
159 15
160 19
161 8
162 25
163 13
164 16
165 29
166 14
167 21
168 20
169 40
170 49
171 28
172 55
173 18
174 51
175 16
176 20
177 43
178 22
179 41
180 3
181 33
182 22
183 34
184 29
185 55
186 44
187 58
188 7
189 31
190 11
191 3
192 16
193 42
194 11
195 11
196 56
197 36
198 9
199 42
200 12
201 1
202 8
203 32
204 31
205 39
206 17
207 44
208 42
209 28
210 15
211 43
212 31
213 21
214 31
215 5
216 41
217 56
218 41
219 19
220 34
221 39
222 51
223 33
224 27
225 47
226 40
227 27
228 40
229 10
230 0
231 29
232 52
233 33
234 12
235 59
236 31
237 52
238 57
239 22
240 39
241 13
242 4
243 14
244 25
245 26
246 40
247 12
248 20
249 36
250 45
251 49
252 28
253 7
254 14
255 41
256 25
257 3
258 2
259 18
260 25
261 1
262 9
263 38
264 54
265 48
266 41
267 9
268 37
269 48
270 25
271 37
272 19
273 12
274 26
275 33
276 53
277 33
278 8
279 53
280 0
281 49
282 36
283 38
284 42
285 59
286 10
287 51
288 51
289 31
290 27
291 38
292 31
293 38
294 27
295 43
296 24
297 22
298 24
299 50
300 22
301 21
302 45
303 15
304 14
305 50
306 47
307 46
308 28
309 1
310 49
311 56
312 7
313 41
314 40
315 4
316 20
317 26
318 11
319 54
320 25
321 26
322 15
323 47
324 48
325 46
326 14
327 0
328 30
329 23
330 32
331 7
332 1
333 1
334 49
335 32
336 28
337 39
338 39
339 36
340 10
341 6
342 50
343 7
344 2
345 21
346 39
347 37
348 51
349 18
350 5
351 9
352 59
353 16
354 6
355 34
356 45
357 26
358 46
359 34
360 20
361 13
362 21
363 23
364 31
365 46
366 40
367 54
368 45
369 4
370 7
371 35
372 9
373 27
374 19
375 56
376 11
377 21
378 38
379 8
380 31
381 28
382 50
383 13
384 0
385 4
386 52
387 2
388 5
389 28
390 43
391 12
392 16
393 34
394 8
395 27
396 33
397 52
398 36
399 9
400 10
401 52
402 32
403 11
404 7
405 22
406 56
407 20
408 60
409 15
410 4
411 2
412 55
413 34
414 29
415 53
416 27
417 4
418 13
419 19
420 17
421 47
422 11
423 11
424 34
425 26
426 12
427 58
428 42
429 58
430 16
431 38
432 56
433 25
434 5
435 46
436 20
437 25
438 8
439 17
440 6
441 28
442 23
443 21
444 19
445 43
446 19
447 25
448 39
449 11
450 30
451 28
452 13
453 37
454 57
455 2
456 54
457 19
458 41
459 36
460 35
461 4
462 11
463 29
464 55
465 30
466 30
467 39
468 21
469 40
470 30
471 27
472 33
473 51
474 45
475 60
476 54
477 46
478 48
479 43
480 14
481 44
482 9
483 15
484 28
485 34
486 26
487 15
488 40
489 38
490 20
491 24
492 1
493 2
494 25
495 50
496 29
497 23
498 48
499 30
500 6
501 54
502 0
503 52
504 33
505 41
506 45
507 35
508 52
509 24
510 1
511 26
512 19
513 15
514 29
515 17
516 35
517 32
518 16
519 27
520 18
521 6
522 47
523 7
524 51
525 42
526 20
527 6
528 3
529 35
530 12
531 37
532 10
533 24
534 12
535 30
536 53
537 48
538 44
539 42
540 31
541 30
542 39
543 6
544 23
545 37
546 9
547 41
548 5
549 57
550 55
551 31
552 6
553 18
554 51
555 14
556 34
557 13
558 27
559 47
560 26
561 23
562 62
563 60
564 27
565 32
566 3
567 35
568 44
569 3
570 4
571 56
572 52
573 33
574 14
575 1
576 33
577 42
578 30
579 35
580 17
581 20
582 50
583 5
584 8
585 30
586 35
587 14
588 18
589 7
590 32
591 5
592 16
593 14
594 51
595 42
596 36
597 22
598 19
599 43
