600 68 71880 0.4 277 0
0 25
1 6
2 49
3 0
4 68
5 60
6 0
7 30
8 17
9 26
10 36
11 41
12 0
13 44
14 47
15 38
16 2
17 59
18 5
19 5
20 2
21 12
22 7
23 13
24 26
25 47
26 0
27 17
28 44
29 56
30 0
31 36
32 17
33 17
34 35
35 5
36 48
37 66
38 50
39 32
40 37
41 18
42 27
43 27
44 13
45 45
46 26
47 36
48 4
49 27
50 1
51 53
52 43
53 20
54 59
55 22
56 33
57 24
58 31
59 26
60 64
61 17
62 53
63 2
64 0
65 11
66 52
67 43
68 34
69 13
70 32
71 43
72 47
73 59
74 60
75 33
76 64
77 9
78 12
79 16
80 3
81 28
82 26
83 3
84 35
85 2
86 15
87 45
88 38
89 55
90 4
91 54
92 13
93 21
94 6
95 37
96 13
97 21
98 22
99 63
100 23
101 60
102 67
103 49
104 42
105 2
106 54
107 53
108 19
109 33
110 3
111 4
112 49
113 6
114 10
115 40
116 43
117 51
118 28
119 23
120 17
121 9
122 40
123 3
124 15
125 7
126 14
127 21
128 8
129 10
130 7
131 2
132 18
133 15
134 5
135 6
136 61
137 46
138 25
139 38
140 8
141 38
142 39
143 22
144 14
145 60
146 8
147 34
148 30
149 50
150 21
151 1
152 28
153 14
154 35
155 27
156 27
157 9
158 8
159 13
160 50
161 28
162 36
163 48
164 8
165 15
166 18
167 45
168 41
169 7
170 15
171 3
172 12
173 30
174 6
175 13
176 38
177 29
178 2
179 26
180 33
181 38
182 23
183 36
184 30
185 6
186 4
187 11
188 7
189 35
190 32
191 45
192 29
193 23
194 56
195 62
196 12
197 16
198 59
199 33
200 35
201 29
202 63
203 23
204 25
205 37
206 45
207 33
208 29
209 29
210 51
211 22
212 14
213 25
214 42
215 51
216 5
217 0
218 30
219 40
220 38
221 4
222 17
223 20
224 33
225 5
226 19
227 40
228 7
229 53
230 65
231 31
232 16
233 25
234 53
235 7
236 31
237 4
238 1
239 47
240 26
241 35
242 49
243 54
244 35
245 31
246 31
247 47
248 1
249 1
250 19
251 15
252 47
253 2
254 54
255 12
256 43
257 64
258 56
259 14
260 24
261 63
262 61
263 22
264 3
265 16
266 26
267 34
268 39
269 10
270 48
271 41
272 15
273 9
274 20
275 16
276 14
277 38
278 44
279 3
280 49
281 11
282 37
283 22
284 31
285 4
286 33
287 18
288 1
289 25
290 49
291 3
292 34
293 22
294 45
295 10
296 40
297 0
298 52
299 17
300 37
301 13
302 25
303 52
304 53
305 24
306 24
307 20
308 42
309 44
310 2
311 13
312 62
313 19
314 6
315 59
316 21
317 20
318 38
319 8
320 49
321 28
322 28
323 11
324 25
325 10
326 10
327 30
328 41
329 37
330 33
331 44
332 62
333 22
334 12
335 39
336 48
337 14
338 7
339 36
340 62
341 45
342 17
343 58
344 56
345 21
346 27
347 4
348 14
349 13
350 7
351 55
352 3
353 25
354 23
355 12
356 16
357 51
358 0
359 27
360 51
361 56
362 30
363 5
364 31
365 26
366 7
367 1
368 25
369 57
370 19
371 11
372 58
373 24
374 46
375 19
376 39
377 0
378 32
379 55
380 14
381 12
382 23
383 38
384 59
385 65
386 8
387 44
388 1
389 35
390 17
391 19
392 48
393 39
394 58
395 23
396 2
397 1
398 32
399 57
400 1
401 0
402 41
403 10
404 55
405 33
406 8
407 5
408 9
409 51
410 63
411 52
412 9
413 11
414 15
415 9
416 5
417 13
418 26
419 10
420 57
421 1
422 37
423 19
424 21
425 40
426 48
427 7
428 18
429 9
430 17
431 10
432 13
433 46
434 53
435 19
436 55
437 41
438 61
439 36
440 55
441 11
442 30
443 51
444 21
445 4
446 46
447 5
448 28
449 57
450 35
451 4
452 50
453 29
454 13
455 50
456 8
457 52
458 6
459 25
460 23
461 3
462 48
463 4
464 15
465 2
466 32
467 6
468 30
469 34
470 43
471 40
472 27
473 20
474 16
475 5
476 10
477 11
478 20
479 29
480 58
481 28
482 43
483 12
484 34
485 10
486 27
487 41
488 26
489 32
490 41
491 11
492 52
493 60
494 11
495 14
496 40
497 42
498 20
499 24
500 50
501 14
502 68
503 21
504 24
505 16
506 31
507 32
508 8
509 44
510 44
511 51
512 54
513 56
514 42
515 48
516 18
517 39
518 37
519 27
520 22
521 64
522 24
523 32
524 12
525 18
526 6
527 53
528 33
529 35
530 6
531 34
532 58
533 47
534 46
535 12
536 6
537 18
538 14
539 15
540 42
541 36
542 8
543 42
544 36
545 22
546 12
547 15
548 16
549 1
550 9
551 25
552 61
553 10
554 18
555 52
556 37
557 57
558 40
559 21
560 34
561 19
562 0
563 3
564 50
565 35
566 44
567 34
568 28
569 62
570 57
571 2
572 24
573 29
574 28
575 63
576 37
577 18
578 24
579 3
580 40
581 47
582 16
583 59
584 55
585 11
586 24
587 54
588 42
589 60
590 39
591 0
592 43
593 23
594 7
595 15
596 6
597 46
598 46
599 9
