600 100 107820 0.6 371 0
0 10
1 45
2 68
3 66
4 32
5 62
6 20
7 16
8 81
9 46
10 80
11 58
12 59
13 17
14 35
15 62
16 70
17 60
18 39
19 95
20 38
21 64
22 31
23 24
24 65
25 39
26 64
27 57
28 76
29 27
30 6
31 77
32 63
33 13
34 36
35 84
36 1
37 67
38 67
39 9
40 76
41 37
42 36
43 60
44 84
45 71
46 90
47 83
48 18
49 15
50 28
51 85
52 91
53 36
54 98
55 95
56 67
57 46
58 28
59 5
60 7
61 41
62 57
63 83
64 97
65 2
66 66
67 92
68 87
69 90
70 59
71 41
72 82
73 69
74 6
75 16
76 71
77 93
78 51
79 50
80 21
81 52
82 77
83 92
84 17
85 3
86 48
87 45
88 50
89 7
90 89
91 5
92 23
93 54
94 72
95 3
96 15
97 37
98 41
99 37
100 45
101 75
102 47
103 81
104 72
105 34
106 24
107 27
108 87
109 44
110 55
111 1
112 20
113 19
114 34
115 48
116 18
117 22
118 24
119 53
120 4
121 67
122 17
123 54
124 48
125 46
126 94
127 23
128 64
129 19
130 43
131 17
132 32
133 22
134 8
135 47
136 23
137 6
138 93
139 66
140 25
141 62
142 21
143 20
144 0
145 29
146 50
147 9
148 75
149 57
150 90
151 11
152 27
153 43
154 54
155 88
156 53
157 32
158 41
159 93
160 5
161 29
162 22
163 66
164 74
165 86
166 74
167 24
168 18
169 73
170 73
171 6
172 94
173 15
174 70
175 19
176 4
177 71
178 45
179 100
180 58
181 41
182 30
183 49
184 57
185 56
186 22
187 37
188 99
189 51
190 8
191 13
192 22
193 89
194 54
195 32
196 28
197 52
198 41
199 28
200 65
201 78
202 25
203 51
204 44
205 86
206 50
207 64
208 64
209 4
210 53
211 96
212 66
213 56
214 60
215 35
216 45
217 35
218 62
219 11
220 73
221 31
222 59
223 14
224 73
225 40
226 58
227 95
228 91
229 85
230 30
231 7
232 14
233 23
234 92
235 7
236 5
237 68
238 94
239 37
240 3
241 16
242 35
243 68
244 82
245 27
246 39
247 51
248 33
249 96
250 34
251 48
252 49
253 91
254 91
255 19
256 83
257 43
258 55
259 34
260 45
261 3
262 83
263 9
264 99
265 87
266 32
267 0
268 29
269 86
270 84
271 92
272 55
273 47
274 61
275 39
276 69
277 59
278 70
279 75
280 23
281 78
282 57
283 23
284 75
285 11
286 12
287 73
288 72
289 15
290 33
291 25
292 13
293 44
294 77
295 73
296 10
297 27
298 12
299 69
300 14
301 26
302 75
303 77
304 8
305 21
306 95
307 68
308 70
309 23
310 86
311 33
312 3
313 2
314 93
315 61
316 88
317 18
318 6
319 60
320 26
321 20
322 58
323 5
324 69
325 81
326 26
327 29
328 5
329 13
330 1
331 20
332 10
333 76
334 74
335 16
336 8
337 15
338 67
339 86
340 31
341 42
342 34
343 13
344 44
345 22
346 14
347 82
348 51
349 74
350 8
351 56
352 0
353 82
354 22
355 44
356 16
357 17
358 62
359 93
360 16
361 19
362 69
363 53
364 19
365 9
366 36
367 21
368 69
369 26
370 39
371 40
372 59
373 2
374 43
375 63
376 19
377 36
378 62
379 14
380 63
381 64
382 88
383 53
384 84
385 21
386 73
387 78
388 12
389 50
390 80
391 35
392 52
393 42
394 59
395 0
396 30
397 54
398 81
399 84
400 76
401 71
402 7
403 65
404 20
405 53
406 41
407 37
408 63
409 98
410 18
411 43
412 7
413 72
414 49
415 48
416 49
417 89
418 26
419 56
420 12
421 52
422 78
423 0
424 30
425 47
426 61
427 10
428 74
429 87
430 71
431 52
432 18
433 31
434 65
435 76
436 68
437 70
438 82
439 65
440 50
441 58
442 71
443 35
444 90
445 45
446 10
447 79
448 2
449 74
450 25
451 60
452 29
453 65
454 29
455 42
456 64
457 90
458 56
459 79
460 0
461 27
462 21
463 2
464 42
465 57
466 34
467 81
468 87
469 98
470 40
471 1
472 4
473 40
474 12
475 16
476 28
477 46
478 9
479 24
480 38
481 52
482 85
483 75
484 11
485 38
486 85
487 22
488 86
489 94
490 33
491 55
492 26
493 44
494 28
495 78
496 52
497 10
498 67
499 55
500 46
501 42
502 61
503 94
504 72
505 55
506 80
507 33
508 21
509 54
510 1
511 6
512 79
513 17
514 4
515 66
516 38
517 88
518 58
519 40
520 27
521 89
522 6
523 3
524 82
525 46
526 35
527 51
528 12
529 2
530 84
531 9
532 38
533 2
534 14
535 64
536 20
537 42
538 40
539 60
540 50
541 79
542 80
543 72
544 31
545 11
546 66
547 96
548 15
549 61
550 63
551 59
552 25
553 28
554 11
555 38
556 71
557 47
558 33
559 62
560 24
561 63
562 14
563 97
564 18
565 81
566 38
567 30
568 12
569 11
570 79
571 80
572 29
573 49
574 36
575 49
576 0
577 19
578 31
579 67
580 57
581 1
582 9
583 13
584 43
585 54
586 8
587 74
588 25
589 4
590 77
591 48
592 70
593 30
594 18
595 61
596 26
597 51
598 24
599 83
