600 65 71880 0.4 277 0
0 40
1 22
2 25
3 30
4 34
5 41
6 14
7 7
8 20
9 41
10 41
11 2
12 50
13 46
14 36
15 62
16 15
17 38
18 6
19 9
20 50
21 0
22 21
23 22
24 6
25 31
26 3
27 56
28 32
29 11
30 49
31 45
32 19
33 0
34 20
35 38
36 37
37 2
38 50
39 47
40 21
41 23
42 36
43 31
44 56
45 0
46 37
47 23
48 3
49 18
50 8
51 23
52 49
53 18
54 29
55 11
56 31
57 19
58 26
59 2
60 59
61 24
62 7
63 41
64 14
65 39
66 61
67 26
68 1
69 61
70 13
71 11
72 29
73 19
74 47
75 51
76 7
77 58
78 3
79 0
80 51
81 30
82 40
83 5
84 6
85 17
86 21
87 61
88 8
89 10
90 10
91 6
92 17
93 11
94 18
95 17
96 47
97 23
98 41
99 52
100 6
101 64
102 3
103 25
104 26
105 20
106 15
107 51
108 13
109 27
110 10
111 35
112 16
113 52
114 28
115 0
116 11
117 7
118 53
119 60
120 41
121 39
122 42
123 34
124 13
125 56
126 50
127 32
128 27
129 25
130 0
131 10
132 33
133 50
134 23
135 20
136 47
137 56
138 14
139 64
140 9
141 42
142 56
143 6
144 13
145 7
146 10
147 23
148 10
149 22
150 8
151 8
152 11
153 21
154 14
155 18
156 40
157 24
158 29
159 19
160 30
161 10
162 5
163 43
164 38
165 1
166 5
167 33
168 22
169 13
170 19
171 18
172 42
173 28
174 40
175 19
176 7
177 9
178 24
179 44
180 51
181 51
182 63
183 63
184 12
185 12
186 19
187 3
188 25
189 15
190 37
191 31
192 38
193 43
194 27
195 3
196 14
197 23
198 62
199 18
200 44
201 1
202 17
203 38
204 27
205 28
206 39
207 55
208 41
209 26
210 17
211 30
212 2
213 14
214 46
215 7
216 27
217 45
218 32
219 29
220 55
221 45
222 57
223 1
224 13
225 16
226 45
227 22
228 7
229 44
230 12
231 31
232 8
233 40
234 41
235 5
236 49
237 48
238 13
239 33
240 63
241 26
242 11
243 49
244 36
245 65
246 24
247 44
248 4
249 17
250 55
251 27
252 47
253 32
254 13
255 27
256 14
257 32
258 15
259 18
260 33
261 24
262 58
263 13
264 4
265 37
266 5
267 4
268 32
269 5
270 62
271 31
272 49
273 35
274 31
275 34
276 21
277 16
278 8
279 34
280 11
281 24
282 4
283 24
284 38
285 34
286 12
287 0
288 36
289 12
290 54
291 51
292 60
293 4
294 40
295 10
296 42
297 7
298 34
299 9
300 60
301 46
302 26
303 39
304 2
305 59
306 8
307 15
308 16
309 50
310 24
311 27
312 20
313 21
314 46
315 54
316 30
317 57
318 14
319 52
320 23
321 6
322 20
323 53
324 45
325 41
326 20
327 48
328 36
329 59
330 39
331 48
332 46
333 39
334 3
335 43
336 44
337 8
338 14
339 8
340 16
341 17
342 6
343 32
344 33
345 10
346 52
347 0
348 24
349 0
350 21
351 17
352 58
353 26
354 25
355 16
356 52
357 35
358 59
359 1
360 3
361 47
362 25
363 44
364 38
365 4
366 34
367 25
368 12
369 37
370 37
371 38
372 31
373 1
374 4
375 42
376 46
377 27
378 57
379 39
380 5
381 60
382 37
383 8
384 38
385 49
386 13
387 30
388 1
389 54
390 10
391 3
392 14
393 11
394 55
395 55
396 48
397 16
398 23
399 58
400 12
401 46
402 20
403 6
404 4
405 22
406 23
407 22
408 48
409 9
410 5
411 32
412 46
413 9
414 53
415 13
416 27
417 17
418 3
419 27
420 48
421 29
422 54
423 26
424 58
425 57
426 24
427 36
428 19
429 47
430 15
431 11
432 23
433 42
434 44
435 53
436 58
437 8
438 49
439 47
440 50
441 4
442 33
443 9
444 33
445 42
446 35
447 54
448 39
449 59
450 18
451 28
452 29
453 15
454 13
455 41
456 5
457 12
458 44
459 53
460 49
461 60
462 36
463 35
464 18
465 43
466 2
467 31
468 28
469 23
470 43
471 24
472 52
473 45
474 10
475 25
476 19
477 20
478 36
479 9
480 56
481 19
482 4
483 58
484 33
485 1
486 47
487 26
488 45
489 1
490 57
491 54
492 30
493 29
494 2
495 45
496 30
497 43
498 26
499 2
500 25
501 15
502 15
503 27
504 28
505 28
506 0
507 53
508 10
509 53
510 39
511 20
512 6
513 42
514 37
515 28
516 48
517 43
518 33
519 54
520 21
521 38
522 29
523 2
524 10
525 21
526 21
527 25
528 55
529 1
530 30
531 9
532 9
533 16
534 35
535 28
536 48
537 14
538 40
539 12
540 5
541 8
542 35
543 45
544 59
545 43
546 12
547 22
548 34
549 10
550 35
551 5
552 17
553 35
554 9
555 5
556 1
557 0
558 12
559 52
560 55
561 55
562 37
563 16
564 32
565 16
566 37
567 50
568 40
569 5
570 48
571 32
572 19
573 6
574 7
575 29
576 11
577 12
578 2
579 4
580 24
581 36
582 53
583 58
584 15
585 2
586 6
587 8
588 22
589 16
590 43
591 57
592 30
593 0
594 28
595 21
596 14
597 37
598 22
599 43
