600 103 107820 0.6 371 0
0 90
1 8
2 72
3 5
4 76
5 46
6 50
7 56
8 15
9 45
10 1
11 1
12 21
13 71
14 11
15 26
16 29
17 82
18 96
19 70
20 69
21 48
22 61
23 34
24 17
25 65
26 20
27 41
28 62
29 27
30 48
31 18
32 2
33 77
34 85
35 46
36 14
37 30
38 68
39 48
40 98
41 17
42 85
43 67
44 57
45 43
46 7
47 25
48 13
49 12
50 80
51 86
52 24
53 27
54 26
55 51
56 58
57 46
58 36
59 24
60 20
61 17
62 71
63 42
64 22
65 25
66 42
67 53
68 67
69 70
70 88
71 84
72 10
73 12
74 30
75 7
76 65
77 38
78 21
79 76
80 76
81 95
82 44
83 21
84 75
85 36
86 3
87 6
88 20
89 92
90 39
91 93
92 58
93 9
94 65
95 68
96 94
97 38
98 18
99 62
100 39
101 91
102 67
103 36
104 20
105 54
106 65
107 27
108 98
109 30
110 29
111 18
112 38
113 5
114 8
115 85
116 74
117 40
118 3
119 96
120 81
121 94
122 47
123 56
124 61
125 43
126 23
127 13
128 87
129 46
130 45
131 53
132 49
133 79
134 95
135 28
136 62
137 17
138 34
139 75
140 24
141 23
142 37
143 77
144 74
145 66
146 71
147 6
148 35
149 81
150 88
151 43
152 33
153 0
154 55
155 13
156 52
157 44
158 60
159 77
160 55
161 33
162 25
163 5
164 47
165 28
166 29
167 2
168 0
169 62
170 40
171 102
172 12
173 47
174 82
175 15
176 94
177 64
178 75
179 8
180 12
181 1
182 47
183 79
184 56
185 81
186 29
187 13
188 0
189 99
190 19
191 57
192 79
193 95
194 11
195 69
196 34
197 60
198 56
199 66
200 0
201 88
202 48
203 43
204 68
205 52
206 50
207 26
208 4
209 23
210 94
211 1
212 14
213 19
214 93
215 1
216 11
217 4
218 5
219 12
220 16
221 87
222 44
223 38
224 93
225 42
226 0
227 49
228 86
229 88
230 39
231 28
232 14
233 97
234 1
235 47
236 39
237 72
238 5
239 52
240 67
241 51
242 73
243 9
244 33
245 55
246 42
247 2
248 81
249 27
250 60
251 45
252 3
253 97
254 3
255 86
256 97
257 35
258 25
259 54
260 89
261 20
262 52
263 39
264 41
265 59
266 23
267 54
268 34
269 60
270 7
271 15
272 22
273 83
274 55
275 86
276 80
277 23
278 26
279 38
280 36
281 27
282 93
283 78
284 54
285 33
286 22
287 51
288 3
289 65
290 18
291 49
292 31
293 78
294 57
295 79
296 54
297 24
298 96
299 99
300 90
301 41
302 16
303 25
304 2
305 32
306 18
307 4
308 93
309 73
310 17
311 83
312 69
313 46
314 5
315 16
316 77
317 44
318 60
319 9
320 99
321 3
322 42
323 71
324 66
325 75
326 41
327 61
328 31
329 77
330 89
331 11
332 54
333 2
334 66
335 78
336 64
337 0
338 53
339 29
340 38
341 6
342 13
343 66
344 6
345 10
346 100
347 84
348 90
349 22
350 32
351 69
352 40
353 58
354 49
355 53
356 40
357 28
358 29
359 78
360 101
361 61
362 74
363 94
364 46
365 51
366 7
367 50
368 83
369 32
370 84
371 32
372 57
373 7
374 46
375 72
376 34
377 21
378 32
379 80
380 33
381 13
382 37
383 12
384 53
385 75
386 16
387 12
388 50
389 27
390 33
391 11
392 25
393 37
394 37
395 72
396 42
397 34
398 49
399 44
400 74
401 9
402 58
403 70
404 11
405 22
406 30
407 70
408 73
409 29
410 2
411 4
412 38
413 42
414 100
415 26
416 11
417 24
418 80
419 76
420 14
421 95
422 52
423 73
424 20
425 28
426 87
427 53
428 43
429 19
430 31
431 49
432 41
433 10
434 59
435 98
436 87
437 82
438 54
439 43
440 17
441 59
442 52
443 47
444 70
445 15
446 21
447 13
448 18
449 56
450 7
451 59
452 20
453 0
454 37
455 16
456 45
457 19
458 28
459 40
460 30
461 90
462 71
463 83
464 10
465 83
466 8
467 28
468 6
469 45
470 26
471 48
472 58
473 32
474 66
475 65
476 88
477 36
478 15
479 19
480 69
481 3
482 15
483 63
484 5
485 33
486 14
487 89
488 75
489 39
490 19
491 79
492 4
493 63
494 2
495 30
496 85
497 78
498 66
499 83
500 34
501 63
502 80
503 22
504 31
505 103
506 80
507 35
508 49
509 44
510 92
511 51
512 40
513 22
514 16
515 62
516 61
517 10
518 17
519 24
520 91
521 28
522 76
523 9
524 3
525 64
526 55
527 8
528 4
529 21
530 2
531 68
532 26
533 82
534 18
535 19
536 59
537 70
538 24
539 70
540 68
541 5
542 58
543 67
544 10
545 36
546 14
547 92
548 9
549 6
550 91
551 37
552 23
553 64
554 73
555 57
556 29
557 50
558 67
559 91
560 1
561 51
562 41
563 64
564 39
565 12
566 35
567 56
568 14
569 8
570 6
571 10
572 57
573 15
574 84
575 35
576 74
577 32
578 7
579 20
580 86
581 89
582 68
583 50
584 92
585 76
586 16
587 87
588 29
589 81
590 45
591 17
592 35
593 84
594 63
595 45
596 59
597 31
598 31
599 63
