600 63 71880 0.4 277 0
0 26
1 59
2 22
3 55
4 0
5 0
6 61
7 23
8 48
9 0
10 15
11 29
12 61
13 22
14 7
15 6
16 58
17 10
18 57
19 2
20 38
21 20
22 42
23 47
24 48
25 17
26 23
27 46
28 8
29 0
30 50
31 42
32 52
33 22
34 25
35 52
36 24
37 5
38 20
39 43
40 17
41 41
42 46
43 15
44 42
45 18
46 6
47 13
48 52
49 15
50 51
51 5
52 34
53 52
54 8
55 51
56 16
57 49
58 39
59 2
60 3
61 23
62 4
63 32
64 42
65 59
66 16
67 22
68 27
69 31
70 41
71 23
72 13
73 13
74 7
75 29
76 3
77 46
78 40
79 32
80 55
81 43
82 42
83 54
84 4
85 9
86 48
87 28
88 37
89 17
90 41
91 19
92 47
93 35
94 6
95 34
96 24
97 46
98 46
99 2
100 39
101 10
102 3
103 5
104 17
105 36
106 10
107 18
108 50
109 42
110 36
111 14
112 21
113 54
114 33
115 18
116 31
117 20
118 32
119 44
120 8
121 22
122 5
123 0
124 35
125 51
126 28
127 20
128 50
129 27
130 43
131 55
132 53
133 28
134 60
135 7
136 8
137 28
138 40
139 29
140 58
141 16
142 33
143 50
144 36
145 5
146 61
147 20
148 43
149 21
150 48
151 57
152 19
153 15
154 20
155 36
156 13
157 45
158 29
159 14
160 11
161 8
162 31
163 11
164 4
165 49
166 50
167 23
168 15
169 1
170 48
171 56
172 39
173 26
174 33
175 35
176 21
177 38
178 11
179 40
180 3
181 32
182 22
183 35
184 20
185 41
186 36
187 59
188 7
189 34
190 34
191 3
192 36
193 31
194 15
195 12
196 47
197 11
198 9
199 31
200 16
201 1
202 8
203 44
204 48
205 40
206 26
207 41
208 26
209 39
210 19
211 38
212 42
213 18
214 30
215 5
216 10
217 63
218 45
219 28
220 28
221 40
222 49
223 52
224 41
225 28
226 40
227 31
228 58
229 10
230 0
231 39
232 54
233 32
234 19
235 54
236 4
237 61
238 36
239 28
240 45
241 39
242 4
243 13
244 23
245 26
246 45
247 16
248 62
249 40
250 40
251 42
252 25
253 7
254 15
255 37
256 22
257 3
258 2
259 17
260 34
261 1
262 9
263 30
264 18
265 44
266 36
267 9
268 35
269 47
270 20
271 36
272 28
273 29
274 39
275 32
276 57
277 37
278 25
279 52
280 0
281 50
282 39
283 43
284 4
285 53
286 37
287 56
288 62
289 44
290 27
291 31
292 33
293 38
294 26
295 45
296 34
297 11
298 24
299 14
300 11
301 45
302 32
303 14
304 13
305 49
306 43
307 20
308 17
309 1
310 44
311 60
312 7
313 20
314 59
315 4
316 30
317 19
318 1
319 51
320 26
321 45
322 27
323 51
324 41
325 46
326 30
327 0
328 26
329 24
330 16
331 7
332 1
333 46
334 48
335 30
336 25
337 45
338 46
339 37
340 10
341 6
342 54
343 7
344 2
345 41
346 2
347 58
348 55
349 41
350 5
351 9
352 60
353 17
354 6
355 37
356 40
357 18
358 33
359 35
360 1
361 14
362 44
363 19
364 16
365 17
366 24
367 55
368 46
369 4
370 48
371 25
372 9
373 49
374 18
375 16
376 38
377 51
378 33
379 8
380 52
381 23
382 24
383 11
384 0
385 4
386 47
387 7
388 5
389 25
390 44
391 12
392 29
393 35
394 12
395 39
396 27
397 28
398 33
399 9
400 37
401 59
402 30
403 56
404 7
405 21
406 45
407 59
408 43
409 12
410 11
411 2
412 53
413 58
414 54
415 41
416 38
417 47
418 12
419 57
420 12
421 13
422 11
423 49
424 35
425 21
426 13
427 58
428 18
429 17
430 53
431 31
432 52
433 27
434 5
435 12
436 17
437 25
438 8
439 18
440 6
441 25
442 14
443 19
444 20
445 47
446 18
447 18
448 27
449 16
450 37
451 13
452 21
453 19
454 8
455 2
456 58
457 16
458 52
459 50
460 36
461 14
462 15
463 60
464 17
465 37
466 26
467 59
468 22
469 18
470 31
471 30
472 32
473 55
474 33
475 41
476 57
477 51
478 39
479 33
480 13
481 37
482 9
483 53
484 28
485 20
486 15
487 14
488 43
489 2
490 1
491 50
492 10
493 1
494 25
495 56
496 29
497 30
498 52
499 31
500 6
501 54
502 0
503 28
504 29
505 55
506 42
507 33
508 43
509 22
510 30
511 23
512 19
513 14
514 24
515 22
516 35
517 32
518 21
519 27
520 24
521 6
522 30
523 33
524 49
525 11
526 38
527 6
528 3
529 12
530 53
531 14
532 12
533 24
534 10
535 56
536 32
537 15
538 42
539 19
540 33
541 11
542 2
543 6
544 24
545 34
546 9
547 42
548 5
549 56
550 53
551 47
552 6
553 4
554 51
555 13
556 35
557 2
558 27
559 34
560 23
561 23
562 54
563 62
564 27
565 24
566 3
567 23
568 40
569 3
570 4
571 8
572 29
573 38
574 8
575 1
576 29
577 42
578 34
579 38
580 10
581 15
582 32
583 5
584 8
585 49
586 12
587 19
588 16
589 7
590 34
591 5
592 21
593 22
594 56
595 20
596 33
597 24
598 21
599 48
