600 100 107820 0.6 371 0
0 33
1 5
2 66
3 11
4 28
5 63
6 27
7 20
8 80
9 67
10 93
11 58
12 50
13 17
14 22
15 65
16 26
17 57
18 49
19 95
20 50
21 71
22 65
23 44
24 64
25 54
26 68
27 61
28 27
29 55
30 7
31 80
32 54
33 14
34 29
35 87
36 1
37 10
38 70
39 38
40 73
41 51
42 45
43 30
44 86
45 66
46 79
47 33
48 25
49 16
50 31
51 74
52 81
53 45
54 72
55 83
56 38
57 48
58 16
59 6
60 8
61 44
62 66
63 60
64 76
65 2
66 61
67 24
68 87
69 52
70 61
71 55
72 81
73 31
74 7
75 34
76 74
77 96
78 40
79 50
80 25
81 29
82 78
83 94
84 41
85 3
86 50
87 48
88 89
89 8
90 21
91 6
92 26
93 57
94 82
95 21
96 10
97 35
98 96
99 90
100 52
101 83
102 35
103 90
104 68
105 29
106 19
107 27
108 67
109 16
110 95
111 1
112 59
113 21
114 45
115 58
116 25
117 23
118 40
119 55
120 3
121 63
122 15
123 30
124 33
125 52
126 93
127 37
128 80
129 72
130 50
131 11
132 49
133 5
134 9
135 59
136 13
137 7
138 73
139 78
140 43
141 95
142 25
143 3
144 0
145 49
146 41
147 10
148 29
149 61
150 79
151 11
152 18
153 41
154 40
155 92
156 55
157 32
158 46
159 54
160 6
161 30
162 60
163 85
164 61
165 83
166 64
167 19
168 59
169 93
170 77
171 7
172 57
173 16
174 19
175 67
176 4
177 70
178 41
179 99
180 48
181 42
182 15
183 69
184 30
185 43
186 20
187 37
188 99
189 35
190 9
191 14
192 23
193 89
194 57
195 28
196 46
197 49
198 89
199 66
200 55
201 79
202 26
203 53
204 23
205 77
206 53
207 47
208 4
209 4
210 67
211 40
212 76
213 42
214 57
215 41
216 22
217 40
218 65
219 76
220 73
221 77
222 60
223 18
224 53
225 41
226 33
227 47
228 90
229 100
230 22
231 8
232 18
233 24
234 93
235 8
236 6
237 65
238 46
239 36
240 3
241 50
242 34
243 75
244 86
245 39
246 38
247 53
248 48
249 75
250 37
251 86
252 54
253 49
254 92
255 31
256 83
257 56
258 21
259 57
260 88
261 15
262 82
263 52
264 86
265 92
266 32
267 0
268 30
269 87
270 84
271 81
272 76
273 47
274 64
275 42
276 69
277 67
278 72
279 77
280 24
281 73
282 73
283 24
284 37
285 19
286 34
287 68
288 85
289 3
290 43
291 32
292 14
293 13
294 22
295 37
296 12
297 12
298 13
299 35
300 91
301 45
302 81
303 84
304 9
305 23
306 94
307 51
308 94
309 24
310 87
311 34
312 5
313 2
314 79
315 68
316 88
317 17
318 7
319 62
320 28
321 96
322 21
323 6
324 69
325 78
326 44
327 53
328 6
329 14
330 1
331 22
332 37
333 87
334 82
335 30
336 9
337 13
338 32
339 98
340 31
341 79
342 32
343 14
344 54
345 23
346 18
347 75
348 12
349 72
350 9
351 28
352 0
353 86
354 30
355 22
356 17
357 17
358 59
359 23
360 10
361 21
362 82
363 60
364 45
365 23
366 34
367 25
368 74
369 29
370 38
371 39
372 71
373 2
374 46
375 70
376 96
377 33
378 95
379 56
380 66
381 58
382 90
383 63
384 76
385 10
386 75
387 44
388 25
389 42
390 84
391 4
392 38
393 53
394 71
395 0
396 15
397 64
398 85
399 93
400 80
401 29
402 8
403 79
404 22
405 76
406 40
407 36
408 45
409 62
410 12
411 90
412 8
413 77
414 47
415 49
416 71
417 97
418 16
419 48
420 13
421 20
422 70
423 0
424 32
425 51
426 82
427 11
428 64
429 54
430 25
431 49
432 78
433 31
434 56
435 80
436 70
437 66
438 54
439 47
440 73
441 42
442 69
443 43
444 79
445 38
446 5
447 86
448 2
449 20
450 28
451 62
452 39
453 62
454 30
455 18
456 71
457 91
458 74
459 75
460 0
461 20
462 15
463 2
464 44
465 74
466 11
467 83
468 81
469 98
470 26
471 1
472 4
473 52
474 24
475 28
476 27
477 72
478 10
479 20
480 36
481 59
482 88
483 50
484 19
485 36
486 85
487 46
488 89
489 89
490 5
491 56
492 40
493 37
494 75
495 66
496 51
497 12
498 47
499 53
500 51
501 58
502 74
503 94
504 31
505 54
506 77
507 26
508 35
509 91
510 1
511 7
512 41
513 15
514 4
515 21
516 33
517 88
518 67
519 44
520 51
521 36
522 7
523 12
524 85
525 48
526 4
527 69
528 24
529 2
530 65
531 10
532 73
533 2
534 17
535 68
536 29
537 43
538 78
539 13
540 27
541 60
542 70
543 54
544 31
545 97
546 62
547 46
548 16
549 65
550 19
551 57
552 27
553 12
554 11
555 39
556 81
557 47
558 35
559 58
560 42
561 64
562 18
563 80
564 20
565 62
566 36
567 56
568 17
569 19
570 58
571 63
572 39
573 10
574 63
575 60
576 0
577 21
578 34
579 60
580 16
581 1
582 5
583 14
584 45
585 91
586 9
587 61
588 69
589 3
590 78
591 42
592 46
593 33
594 17
595 72
596 29
597 36
598 26
599 62
