1000 321 248000 50.0 499 498
0 0
1 237
2 15
3 231
4 40
5 247
6 287
7 23
8 274
9 43
10 171
11 244
12 78
13 101
14 52
15 182
16 12
17 198
18 149
19 210
20 144
21 227
22 169
23 80
24 68
25 98
26 1
27 177
28 207
29 16
30 181
31 254
32 46
33 305
34 168
35 157
36 96
37 173
38 92
39 184
40 8
41 84
42 99
43 235
44 34
45 129
46 125
47 36
48 13
49 66
50 242
51 85
52 151
53 20
54 213
55 14
56 300
57 18
58 87
59 293
60 132
61 32
62 136
63 28
64 216
65 35
66 178
67 158
68 119
69 253
70 162
71 238
72 286
73 47
74 3
75 117
76 240
77 0
78 64
79 165
80 143
81 41
82 59
83 166
84 200
85 94
86 49
87 186
88 221
89 148
90 89
91 246
92 263
93 301
94 265
95 21
96 271
97 290
98 90
99 209
100 67
101 6
102 260
103 160
104 25
105 137
106 197
107 39
108 239
109 204
110 110
111 102
112 83
113 155
114 147
115 127
116 79
117 113
118 75
119 270
120 123
121 58
122 81
123 199
124 11
125 243
126 176
127 120
128 139
129 211
130 193
131 103
132 133
133 153
134 130
135 276
136 283
137 72
138 297
139 22
140 264
141 277
142 37
143 232
144 248
145 219
146 76
147 138
148 256
149 30
150 152
151 45
152 42
153 295
154 285
155 304
156 27
157 69
158 159
159 141
160 195
161 7
162 63
163 74
164 95
165 57
166 135
167 262
168 275
169 111
170 189
171 284
172 220
173 161
174 170
175 70
176 187
177 134
178 212
179 118
180 145
181 261
182 167
183 303
184 206
185 299
186 73
187 97
188 54
189 192
190 128
191 309
192 65
193 180
194 294
195 224
196 252
197 50
198 156
199 86
200 19
201 255
202 126
203 51
204 82
205 203
206 146
207 163
208 188
209 214
210 215
211 279
212 53
213 313
214 241
215 226
216 29
217 4
218 185
219 205
220 10
221 106
222 174
223 5
224 9
225 280
226 298
227 258
228 44
229 24
230 291
231 269
232 17
233 124
234 217
235 282
236 112
237 56
238 33
239 302
240 142
241 55
242 38
243 288
244 179
245 175
246 218
247 257
248 183
249 164
250 88
251 311
252 222
253 172
254 77
255 272
256 259
257 251
258 31
259 154
260 268
261 234
262 321
263 273
264 190
265 2
266 26
267 78
268 12
269 15
270 91
271 292
272 230
273 267
274 121
275 150
276 107
277 52
278 278
279 177
280 60
281 181
282 210
283 43
284 93
285 61
286 149
287 98
288 104
289 23
290 62
291 225
292 254
293 249
294 173
295 319
296 109
297 237
298 36
299 281
300 125
301 122
302 131
303 20
304 266
305 228
306 233
307 144
308 151
309 85
310 306
311 71
312 157
313 244
314 245
315 66
316 99
317 223
318 8
319 182
320 242
321 207
322 46
323 48
324 236
325 100
326 105
327 34
328 184
329 114
330 28
331 202
332 41
333 208
334 87
335 191
336 227
337 49
338 216
339 68
340 307
341 32
342 158
343 253
344 312
345 101
346 3
347 117
348 116
349 108
350 296
351 238
352 148
353 67
354 84
355 246
356 274
357 96
358 293
359 213
360 92
361 229
362 265
363 143
364 90
365 271
366 289
367 102
368 64
369 6
370 310
371 140
372 119
373 270
374 129
375 250
376 196
377 201
378 209
379 59
380 0
381 79
382 113
383 308
384 35
385 231
386 263
387 25
388 40
389 165
390 11
391 94
392 162
393 318
394 200
395 219
396 123
397 194
398 305
399 136
400 127
401 58
402 260
403 247
404 153
405 178
406 30
407 166
408 47
409 198
410 277
411 240
412 141
413 169
414 95
415 21
416 301
417 115
418 256
419 171
420 16
421 83
422 284
423 45
424 130
425 63
426 189
427 57
428 248
429 290
430 204
431 221
432 135
433 81
434 39
435 103
436 276
437 315
438 304
439 170
440 197
441 317
442 232
443 262
444 69
445 287
446 168
447 18
448 137
449 80
450 199
451 134
452 50
453 180
454 294
455 167
456 146
457 239
458 120
459 224
460 139
461 86
462 286
463 155
464 316
465 188
466 187
467 261
468 295
469 159
470 176
471 299
472 283
473 53
474 111
475 42
476 300
477 54
478 132
479 9
480 70
481 264
482 314
483 241
484 7
485 97
486 106
487 76
488 205
489 110
490 27
491 13
492 74
493 89
494 313
495 285
496 37
497 14
498 152
499 218
500 156
501 73
502 291
503 56
504 72
505 33
506 280
507 320
508 1
509 31
510 163
511 10
512 288
513 65
514 251
515 51
516 235
517 112
518 55
519 77
520 82
521 302
522 206
523 186
524 160
525 44
526 203
527 192
528 147
529 177
530 298
531 226
532 52
533 275
534 22
535 78
536 121
537 154
538 230
539 38
540 309
541 311
542 128
543 15
544 26
545 321
546 104
547 272
548 225
549 93
550 278
551 282
552 211
553 75
554 303
555 252
556 243
557 98
558 217
559 183
560 214
561 23
562 60
563 71
564 215
565 193
566 20
567 172
568 228
569 19
570 29
571 144
572 88
573 267
574 118
575 306
576 259
577 297
578 36
579 281
580 43
581 185
582 257
583 5
584 61
585 279
586 145
587 34
588 173
589 49
590 68
591 223
592 220
593 245
594 195
595 273
596 150
597 202
598 91
599 85
600 236
601 131
602 255
603 133
604 319
605 62
606 296
607 66
608 107
609 17
610 158
611 229
612 149
613 268
614 175
615 46
616 293
617 222
618 233
619 191
620 164
621 190
622 116
623 161
624 114
625 117
626 122
627 96
628 138
629 109
630 196
631 258
632 101
633 208
634 48
635 87
636 4
637 227
638 105
639 12
640 174
641 126
642 79
643 289
644 35
645 238
646 108
647 212
648 216
649 292
650 250
651 148
652 210
653 246
654 100
655 194
656 24
657 305
658 234
659 274
660 269
661 198
662 11
663 90
664 0
665 6
666 140
667 141
668 142
669 318
670 113
671 271
672 95
673 92
674 115
675 266
676 2
677 247
678 213
679 153
680 178
681 201
682 119
683 30
684 308
685 179
686 135
687 182
688 263
689 40
690 8
691 240
692 307
693 265
694 94
695 84
696 221
697 315
698 301
699 260
700 151
701 130
702 204
703 63
704 244
705 294
706 270
707 312
708 184
709 256
710 99
711 81
712 254
713 304
714 124
715 41
716 231
717 242
718 16
719 261
720 139
721 253
722 299
723 169
724 237
725 32
726 80
727 136
728 83
729 3
730 123
731 264
732 197
733 18
734 102
735 157
736 58
737 25
738 224
739 171
740 28
741 287
742 57
743 187
744 45
745 155
746 310
747 67
748 120
749 189
750 218
751 106
752 180
753 27
754 39
755 168
756 239
757 280
758 284
759 13
760 1
761 132
762 69
763 207
764 277
765 313
766 205
767 47
768 200
769 276
770 188
771 181
772 129
773 209
774 300
775 248
776 111
777 146
778 42
779 103
780 162
781 235
782 64
783 112
784 37
785 14
786 283
787 70
788 152
789 143
790 203
791 295
792 249
793 147
794 251
795 241
796 125
797 232
798 159
799 219
800 21
801 302
802 154
803 262
804 73
805 59
806 176
807 10
808 291
809 72
810 199
811 214
812 225
813 252
814 183
815 230
816 82
817 104
818 22
819 89
820 286
821 75
822 298
823 243
824 192
825 160
826 285
827 165
828 186
829 290
830 74
831 33
832 272
833 166
834 56
835 228
836 279
837 281
838 167
839 267
840 275
841 303
842 156
843 137
844 211
845 5
846 38
847 206
848 297
849 127
850 29
851 131
852 215
853 278
854 223
855 170
856 193
857 226
858 236
859 110
860 76
861 128
862 245
863 17
864 88
865 133
866 7
867 229
868 134
869 26
870 118
871 259
872 220
873 9
874 233
875 255
876 93
877 306
878 107
879 61
880 222
881 19
882 62
883 31
884 116
885 44
886 60
887 208
888 138
889 217
890 86
891 202
892 54
893 53
894 105
895 161
896 51
897 150
898 196
899 282
900 145
901 289
902 195
903 55
904 172
905 97
906 273
907 108
908 288
909 190
910 48
911 194
912 296
913 4
914 100
915 268
916 114
917 258
918 65
919 142
920 91
921 257
922 174
923 185
924 269
925 250
926 212
927 292
928 77
929 115
930 71
931 109
932 140
933 234
934 164
935 122
936 191
937 266
938 24
939 121
940 126
941 201
942 175
943 163
944 50
945 179
946 2
947 2
948 2
949 2
950 2
951 2
952 2
953 2
954 2
955 2
956 2
957 2
958 2
959 2
960 2
961 2
962 2
963 2
964 2
965 2
966 2
967 2
968 2
969 2
970 2
971 2
972 2
973 2
974 2
975 2
976 2
977 2
978 2
979 2
980 2
981 2
982 2
983 2
984 2
985 2
986 2
987 2
988 2
989 2
990 2
991 2
992 2
993 2
994 2
995 2
996 2
997 2
998 2
999 2
