600 208 161730 0.9 546 1
0 39
1 91
2 42
3 66
4 83
5 150
6 119
7 102
8 87
9 126
10 3
11 32
12 15
13 42
14 119
15 43
16 44
17 62
18 142
19 196
20 19
21 111
22 174
23 168
24 172
25 8
26 112
27 18
28 150
29 73
30 39
31 111
32 84
33 54
34 1
35 102
36 180
37 126
38 160
39 148
40 142
41 28
42 66
43 25
44 97
45 90
46 177
47 14
48 109
49 47
50 155
51 106
52 204
53 45
54 35
55 18
56 158
57 158
58 37
59 191
60 57
61 169
62 114
63 176
64 171
65 140
66 47
67 184
68 17
69 147
70 108
71 54
72 166
73 103
74 5
75 41
76 27
77 9
78 53
79 69
80 161
81 154
82 121
83 86
84 87
85 82
86 27
87 88
88 17
89 31
90 61
91 95
92 58
93 180
94 113
95 117
96 131
97 157
98 134
99 51
100 143
101 123
102 143
103 55
104 50
105 131
106 117
107 62
108 144
109 192
110 77
111 156
112 65
113 111
114 95
115 202
116 112
117 63
118 24
119 79
120 153
121 77
122 154
123 162
124 135
125 59
126 37
127 51
128 24
129 41
130 6
131 188
132 84
133 89
134 127
135 117
136 35
137 105
138 30
139 146
140 126
141 188
142 98
143 25
144 75
145 27
146 48
147 207
148 100
149 75
150 4
151 144
152 78
153 10
154 49
155 179
156 38
157 96
158 184
159 36
160 55
161 67
162 17
163 23
164 60
165 67
166 0
167 14
168 9
169 106
170 94
171 194
172 72
173 138
174 115
175 71
176 35
177 189
178 19
179 68
180 76
181 58
182 92
183 11
184 119
185 151
186 70
187 7
188 1
189 81
190 135
191 74
192 145
193 105
194 14
195 40
196 22
197 134
198 175
199 33
200 18
201 181
202 42
203 130
204 23
205 57
206 2
207 75
208 40
209 100
210 198
211 59
212 29
213 202
214 156
215 153
216 72
217 13
218 46
219 82
220 121
221 86
222 53
223 186
224 36
225 128
226 90
227 121
228 51
229 79
230 152
231 89
232 187
233 83
234 92
235 61
236 154
237 40
238 39
239 133
240 1
241 208
242 55
243 26
244 178
245 175
246 45
247 57
248 165
249 186
250 10
251 98
252 136
253 80
254 73
255 48
256 46
257 183
258 20
259 87
260 45
261 63
262 120
263 94
264 143
265 160
266 189
267 28
268 95
269 82
270 34
271 133
272 49
273 150
274 4
275 8
276 49
277 80
278 190
279 50
280 64
281 99
282 149
283 63
284 65
285 66
286 20
287 6
288 52
289 56
290 84
291 92
292 7
293 139
294 109
295 169
296 152
297 91
298 24
299 180
300 71
301 61
302 149
303 53
304 42
305 112
306 123
307 118
308 22
309 77
310 48
311 12
312 104
313 197
314 170
315 116
316 101
317 32
318 176
319 72
320 13
321 32
322 23
323 114
324 129
325 80
326 85
327 56
328 31
329 151
330 70
331 64
332 38
333 135
334 43
335 0
336 182
337 145
338 157
339 57
340 134
341 144
342 43
343 131
344 125
345 62
346 198
347 93
348 32
349 97
350 11
351 76
352 69
353 21
354 152
355 67
356 3
357 74
358 86
359 116
360 168
361 122
362 34
363 171
364 6
365 194
366 71
367 83
368 17
369 113
370 69
371 43
372 38
373 16
374 25
375 9
376 16
377 65
378 109
379 203
380 148
381 50
382 55
383 177
384 177
385 185
386 135
387 79
388 182
389 130
390 145
391 94
392 123
393 183
394 138
395 104
396 137
397 120
398 78
399 102
400 46
401 146
402 124
403 73
404 5
405 178
406 31
407 199
408 26
409 1
410 129
411 59
412 21
413 26
414 184
415 44
416 201
417 2
418 205
419 162
420 138
421 25
422 122
423 8
424 137
425 88
426 137
427 141
428 78
429 89
430 192
431 34
432 81
433 58
434 116
435 76
436 33
437 108
438 12
439 191
440 142
441 52
442 16
443 173
444 125
445 68
446 21
447 204
448 151
449 129
450 165
451 124
452 64
453 97
454 60
455 163
456 159
457 20
458 206
459 164
460 97
461 59
462 174
463 190
464 113
465 187
466 100
467 139
468 15
469 68
470 159
471 163
472 122
473 181
474 127
475 197
476 106
477 185
478 114
479 196
480 30
481 170
482 167
483 110
484 96
485 4
486 132
487 8
488 153
489 37
490 128
491 7
492 77
493 133
494 149
495 47
496 98
497 101
498 105
499 167
500 136
501 120
502 70
503 161
504 41
505 140
506 3
507 93
508 19
509 155
510 118
511 74
512 31
513 147
514 188
515 29
516 158
517 60
518 128
519 193
520 164
521 157
522 5
523 91
524 114
525 179
526 174
527 12
528 115
529 36
530 44
531 181
532 124
533 107
534 60
535 163
536 2
537 139
538 200
539 85
540 173
541 51
542 99
543 107
544 33
545 6
546 166
547 93
548 200
549 172
550 28
551 29
552 104
553 136
554 12
555 147
556 22
557 75
558 153
559 195
560 13
561 101
562 56
563 168
564 163
565 99
566 161
567 148
568 27
569 103
570 149
571 103
572 173
573 101
574 132
575 115
576 169
577 11
578 81
579 5
580 0
581 108
582 22
583 15
584 40
585 85
586 90
587 30
588 155
589 131
590 10
591 162
592 193
593 127
594 88
595 195
596 110
597 132
598 141
599 52
