1000 473 373000 0.75 749 748
0 0
1 11
2 362
3 95
4 162
5 248
6 264
7 96
8 439
9 19
10 76
11 195
12 117
13 152
14 230
15 470
16 420
17 320
18 335
19 113
20 239
21 177
22 145
23 212
24 6
25 473
26 253
27 438
28 61
29 356
30 189
31 261
32 300
33 472
34 365
35 84
36 455
37 294
38 194
39 434
40 167
41 388
42 123
43 352
44 211
45 471
46 236
47 368
48 382
49 20
50 42
51 138
52 246
53 458
54 146
55 169
56 120
57 77
58 357
59 425
60 408
61 283
62 359
63 80
64 460
65 298
66 364
67 153
68 386
69 350
70 415
71 203
72 389
73 270
74 323
75 4
76 124
77 17
78 27
79 235
80 204
81 9
82 234
83 62
84 215
85 259
86 349
87 289
88 140
89 176
90 267
91 243
92 429
93 367
94 33
95 142
96 395
97 97
98 193
99 224
100 324
101 296
102 3
103 326
104 258
105 315
106 154
107 225
108 174
109 93
110 423
111 361
112 134
113 109
114 305
115 85
116 103
117 406
118 228
119 266
120 64
121 402
122 35
123 416
124 206
125 12
126 302
127 342
128 47
129 34
130 116
131 340
132 241
133 73
134 171
135 199
136 31
137 334
138 107
139 22
140 276
141 32
142 201
143 52
144 144
145 99
146 55
147 36
148 452
149 130
150 464
151 371
152 347
153 74
154 377
155 317
156 358
157 277
158 208
159 319
160 284
161 23
162 157
163 183
164 102
165 265
166 128
167 273
168 339
169 168
170 163
171 191
172 370
173 90
174 63
175 351
176 392
177 88
178 400
179 328
180 445
181 444
182 67
183 442
184 21
185 104
186 133
187 209
188 179
189 307
190 159
191 341
192 106
193 325
194 414
195 10
196 316
197 192
198 275
199 412
200 126
201 288
202 16
203 53
204 330
205 54
206 30
207 262
208 272
209 119
210 7
211 440
212 110
213 345
214 405
215 252
216 242
217 421
218 164
219 18
220 50
221 418
222 40
223 57
224 200
225 158
226 1
227 366
228 279
229 271
230 249
231 136
232 396
233 56
234 295
235 422
236 112
237 49
238 237
239 254
240 327
241 385
242 354
243 13
244 87
245 41
246 173
247 94
248 78
249 141
250 219
251 5
252 28
253 122
254 222
255 281
256 287
257 38
258 48
259 185
260 399
261 170
262 256
263 314
264 59
265 131
266 426
267 391
268 293
269 451
270 268
271 149
272 311
273 70
274 86
275 322
276 105
277 245
278 231
279 409
280 376
281 92
282 301
283 135
284 83
285 378
286 82
287 312
288 331
289 79
290 437
291 263
292 66
293 184
294 91
295 332
296 58
297 240
298 205
299 285
300 424
301 8
302 139
303 160
304 453
305 114
306 69
307 51
308 297
309 337
310 100
311 155
312 132
313 375
314 353
315 282
316 310
317 372
318 161
319 403
320 45
321 244
322 465
323 247
324 129
325 187
326 143
327 72
328 346
329 449
330 419
331 182
332 181
333 115
334 379
335 469
336 430
337 75
338 290
339 355
340 291
341 227
342 269
343 446
344 81
345 260
346 286
347 257
348 374
349 250
350 178
351 60
352 29
353 217
354 383
355 462
356 404
357 467
358 432
359 407
360 68
361 111
362 229
363 369
364 233
365 108
366 380
367 151
368 303
369 121
370 304
371 89
372 232
373 221
374 457
375 313
376 39
377 278
378 0
379 238
380 360
381 118
382 456
383 226
384 125
385 197
386 24
387 461
388 373
389 468
390 19
391 401
392 46
393 117
394 172
395 390
396 398
397 436
398 137
399 431
400 214
401 98
402 196
403 381
404 356
405 308
406 448
407 150
408 26
409 14
410 218
411 127
412 230
413 188
414 239
415 365
416 384
417 15
418 463
419 148
420 189
421 459
422 186
423 387
424 177
425 180
426 25
427 96
428 123
429 223
430 352
431 147
432 95
433 152
434 166
435 368
436 363
437 84
438 207
439 246
440 251
441 77
442 447
443 210
444 37
445 338
446 386
447 357
448 382
449 175
450 162
451 454
452 42
453 169
454 120
455 27
456 80
457 441
458 255
459 450
460 167
461 394
462 220
463 44
464 343
465 71
466 417
467 309
468 397
469 113
470 190
471 101
472 329
473 76
474 11
475 435
476 193
477 274
478 427
479 344
480 236
481 428
482 61
483 140
484 234
485 156
486 280
487 261
488 154
489 320
490 202
491 9
492 321
493 43
494 333
495 411
496 292
497 103
498 413
499 109
500 33
501 165
502 324
503 248
504 6
505 410
506 364
507 134
508 318
509 216
510 306
511 174
512 146
513 198
514 259
515 93
516 85
517 342
518 138
519 47
520 335
521 393
522 124
523 153
524 62
525 130
526 235
527 433
528 176
529 377
530 55
531 20
532 362
533 348
534 213
535 434
536 299
537 270
538 64
539 73
540 443
541 65
542 460
543 326
544 31
545 439
546 258
547 97
548 243
549 145
550 336
551 194
552 3
553 420
554 267
555 157
556 445
557 23
558 464
559 212
560 204
561 415
562 253
563 35
564 359
565 195
566 2
567 302
568 179
569 341
570 388
571 34
572 215
573 423
574 163
575 10
576 90
577 63
578 444
579 264
580 133
581 225
582 54
583 52
584 241
585 88
586 340
587 262
588 289
589 159
590 102
591 171
592 144
593 74
594 211
595 284
596 400
597 53
598 305
599 50
600 294
601 201
602 164
603 421
604 200
605 142
606 275
607 168
608 249
609 199
610 116
611 224
612 252
613 203
614 288
615 40
616 254
617 242
618 126
619 425
620 136
621 191
622 295
623 265
624 279
625 438
626 266
627 99
628 41
629 28
630 94
631 470
632 4
633 287
634 452
635 237
636 87
637 416
638 429
639 300
640 408
641 36
642 298
643 471
644 183
645 268
646 32
647 158
648 296
649 106
650 323
651 458
652 131
653 472
654 141
655 67
656 149
657 307
658 455
659 222
660 330
661 22
662 293
663 17
664 283
665 170
666 59
667 315
668 56
669 208
670 319
671 38
672 78
673 82
674 112
675 317
676 206
677 184
678 205
679 192
680 314
681 30
682 160
683 5
684 451
685 466
686 173
687 339
688 412
689 350
690 301
691 361
692 185
693 414
694 263
695 240
696 256
697 389
698 1
699 349
700 92
701 453
702 424
703 69
704 244
705 276
706 395
707 21
708 86
709 422
710 297
711 273
712 245
713 347
714 128
715 367
716 122
717 312
718 219
719 277
720 402
721 45
722 406
723 209
724 228
725 12
726 442
727 311
728 91
729 291
730 48
731 60
732 376
733 104
734 231
735 68
736 161
737 430
738 250
739 81
740 392
741 281
742 351
743 371
744 426
745 181
746 432
747 449
748 107
749 334
750 418
751 328
752 358
753 325
754 227
755 18
756 437
757 221
758 182
759 366
760 16
761 178
762 396
763 139
764 132
765 260
766 75
767 370
768 70
769 313
770 379
771 378
772 456
773 110
774 271
775 345
776 446
777 151
778 285
779 390
780 354
781 66
782 465
783 187
784 72
785 332
786 214
787 58
788 26
789 282
790 196
791 310
792 316
793 272
794 188
795 155
796 286
797 115
798 14
799 405
800 79
801 148
802 7
803 303
804 217
805 463
806 143
807 172
808 98
809 39
810 46
811 166
812 436
813 440
814 186
815 135
816 431
817 257
818 119
819 447
820 238
821 308
822 380
823 385
824 105
825 448
826 278
827 375
828 407
829 304
830 114
831 461
832 391
833 387
834 255
835 150
836 409
837 8
838 327
839 57
840 441
841 44
842 37
843 29
844 218
845 372
846 450
847 290
848 13
849 346
850 322
851 83
852 467
853 457
854 394
855 401
856 220
857 363
858 207
859 111
860 49
861 121
862 331
863 232
864 329
865 226
866 337
867 156
868 384
869 51
870 355
871 397
872 468
873 247
874 360
875 0
876 108
877 147
878 381
879 343
880 344
881 274
882 419
883 321
884 374
885 399
886 462
887 197
888 435
889 292
890 15
891 427
892 24
893 125
894 459
895 175
896 403
897 202
898 417
899 223
900 454
901 127
902 89
903 229
904 25
905 198
906 309
907 413
908 410
909 469
910 216
911 428
912 338
913 129
914 280
915 306
916 213
917 443
918 43
919 411
920 333
921 251
922 353
923 71
924 165
925 433
926 210
927 100
928 137
929 299
930 336
931 369
932 233
933 398
934 318
935 393
936 383
937 373
938 118
939 269
940 348
941 404
942 101
943 65
944 180
945 190
946 2
947 2
948 2
949 2
950 2
951 2
952 2
953 2
954 2
955 2
956 2
957 2
958 2
959 2
960 2
961 2
962 2
963 2
964 2
965 2
966 2
967 2
968 2
969 2
970 2
971 2
972 2
973 2
974 2
975 2
976 2
977 2
978 2
979 2
980 2
981 2
982 2
983 2
984 2
985 2
986 2
987 2
988 2
989 2
990 2
991 2
992 2
993 2
994 2
995 2
996 2
997 2
998 2
999 2
