600 202 161730 0.9 546 1
0 51
1 45
2 187
3 40
4 86
5 71
6 154
7 127
8 27
9 131
10 23
11 15
12 188
13 16
14 165
15 112
16 96
17 27
18 192
19 182
20 43
21 138
22 59
23 6
24 83
25 173
26 149
27 20
28 11
29 59
30 3
31 110
32 158
33 2
34 134
35 127
36 151
37 175
38 110
39 140
40 152
41 144
42 184
43 189
44 136
45 116
46 5
47 69
48 157
49 163
50 137
51 94
52 99
53 70
54 161
55 116
56 83
57 132
58 98
59 28
60 76
61 165
62 60
63 97
64 35
65 72
66 37
67 149
68 53
69 180
70 160
71 11
72 107
73 84
74 187
75 160
76 5
77 53
78 139
79 177
80 100
81 32
82 26
83 133
84 61
85 177
86 191
87 50
88 121
89 52
90 150
91 135
92 160
93 104
94 185
95 134
96 118
97 196
98 61
99 81
100 10
101 104
102 119
103 12
104 2
105 75
106 40
107 170
108 46
109 76
110 68
111 143
112 162
113 48
114 72
115 86
116 113
117 107
118 130
119 74
120 82
121 156
122 90
123 114
124 163
125 15
126 80
127 125
128 141
129 88
130 61
131 187
132 158
133 97
134 51
135 12
136 16
137 44
138 48
139 2
140 66
141 126
142 175
143 63
144 22
145 182
146 63
147 10
148 150
149 34
150 14
151 66
152 159
153 89
154 42
155 121
156 93
157 177
158 39
159 117
160 33
161 106
162 181
163 82
164 95
165 75
166 134
167 50
168 20
169 68
170 44
171 29
172 122
173 144
174 129
175 174
176 115
177 64
178 71
179 148
180 88
181 166
182 60
183 81
184 108
185 151
186 199
187 152
188 122
189 119
190 36
191 136
192 19
193 8
194 90
195 157
196 132
197 47
198 94
199 125
200 147
201 42
202 90
203 103
204 46
205 178
206 35
207 164
208 144
209 196
210 111
211 110
212 142
213 86
214 188
215 108
216 122
217 127
218 100
219 82
220 33
221 30
222 113
223 85
224 190
225 62
226 25
227 0
228 60
229 115
230 19
231 149
232 21
233 138
234 54
235 125
236 176
237 102
238 8
239 49
240 23
241 155
242 50
243 166
244 168
245 97
246 126
247 92
248 58
249 89
250 70
251 80
252 126
253 19
254 169
255 147
256 26
257 23
258 17
259 67
260 117
261 41
262 101
263 195
264 107
265 62
266 71
267 146
268 12
269 6
270 174
271 98
272 91
273 41
274 67
275 161
276 164
277 104
278 142
279 129
280 37
281 123
282 195
283 34
284 39
285 140
286 95
287 180
288 129
289 178
290 158
291 140
292 96
293 186
294 172
295 77
296 53
297 45
298 55
299 139
300 63
301 77
302 155
303 89
304 104
305 8
306 24
307 52
308 172
309 103
310 37
311 171
312 60
313 154
314 28
315 73
316 21
317 18
318 55
319 201
320 198
321 124
322 32
323 22
324 7
325 18
326 10
327 1
328 109
329 38
330 64
331 91
332 84
333 146
334 73
335 92
336 38
337 68
338 153
339 58
340 98
341 142
342 111
343 118
344 74
345 56
346 18
347 168
348 15
349 1
350 38
351 64
352 78
353 55
354 120
355 113
356 138
357 87
358 87
359 33
360 31
361 29
362 143
363 92
364 180
365 75
366 124
367 172
368 170
369 57
370 154
371 56
372 159
373 127
374 151
375 188
376 3
377 162
378 109
379 190
380 9
381 163
382 123
383 130
384 79
385 111
386 76
387 100
388 57
389 4
390 128
391 179
392 112
393 85
394 155
395 21
396 11
397 77
398 77
399 126
400 181
401 137
402 66
403 185
404 164
405 142
406 121
407 109
408 165
409 186
410 56
411 170
412 95
413 175
414 103
415 9
416 141
417 38
418 57
419 79
420 6
421 49
422 147
423 200
424 105
425 4
426 91
427 102
428 144
429 32
430 0
431 148
432 32
433 115
434 51
435 88
436 47
437 13
438 74
439 116
440 71
441 23
442 137
443 39
444 46
445 154
446 67
447 148
448 62
449 17
450 135
451 146
452 190
453 79
454 15
455 80
456 106
457 90
458 192
459 65
460 30
461 101
462 82
463 93
464 114
465 117
466 97
467 44
468 16
469 54
470 78
471 168
472 13
473 42
474 99
475 108
476 94
477 81
478 135
479 182
480 101
481 184
482 173
483 28
484 120
485 120
486 69
487 145
488 85
489 175
490 132
491 3
492 5
493 185
494 43
495 156
496 49
497 40
498 29
499 4
500 192
501 30
502 14
503 189
504 133
505 10
506 150
507 95
508 123
509 105
510 17
511 128
512 156
513 143
514 20
515 102
516 114
517 1
518 58
519 34
520 193
521 84
522 171
523 45
524 22
525 197
526 179
527 112
528 14
529 141
530 161
531 24
532 35
533 54
534 96
535 43
536 78
537 167
538 70
539 65
540 167
541 48
542 93
543 98
544 24
545 102
546 31
547 74
548 194
549 31
550 9
551 59
552 7
553 13
554 119
555 36
556 176
557 99
558 0
559 25
560 145
561 159
562 58
563 178
564 169
565 176
566 25
567 47
568 87
569 52
570 183
571 27
572 191
573 183
574 153
575 73
576 7
577 149
578 69
579 130
580 106
581 72
582 202
583 36
584 157
585 65
586 41
587 145
588 26
589 118
590 186
591 35
592 152
593 153
594 108
595 83
596 131
597 191
598 7
599 136
