600 68 71880 0.4 277 0
0 46
1 5
2 47
3 0
4 65
5 44
6 0
7 31
8 12
9 12
10 36
11 42
12 0
13 45
14 52
15 47
16 7
17 53
18 2
19 8
20 3
21 56
22 23
23 11
24 24
25 29
26 0
27 17
28 36
29 17
30 17
31 13
32 0
33 32
34 37
35 4
36 43
37 59
38 49
39 33
40 55
41 11
42 25
43 29
44 17
45 50
46 64
47 20
48 4
49 1
50 2
51 54
52 19
53 19
54 59
55 24
56 21
57 23
58 34
59 20
60 54
61 49
62 54
63 1
64 0
65 9
66 39
67 30
68 41
69 27
70 11
71 45
72 45
73 45
74 12
75 11
76 24
77 14
78 10
79 17
80 10
81 29
82 27
83 15
84 32
85 66
86 21
87 40
88 40
89 55
90 4
91 57
92 12
93 37
94 8
95 33
96 12
97 4
98 21
99 63
100 22
101 48
102 24
103 53
104 29
105 37
106 52
107 54
108 20
109 31
110 3
111 50
112 47
113 12
114 15
115 48
116 14
117 57
118 30
119 24
120 15
121 10
122 52
123 3
124 15
125 5
126 15
127 13
128 23
129 7
130 7
131 10
132 21
133 40
134 5
135 28
136 65
137 5
138 10
139 44
140 7
141 39
142 41
143 13
144 1
145 67
146 6
147 49
148 28
149 48
150 9
151 0
152 53
153 58
154 34
155 10
156 38
157 22
158 8
159 59
160 49
161 36
162 48
163 51
164 57
165 8
166 25
167 53
168 42
169 9
170 13
171 4
172 11
173 5
174 6
175 12
176 27
177 32
178 5
179 34
180 31
181 44
182 48
183 36
184 32
185 8
186 26
187 2
188 18
189 34
190 33
191 51
192 26
193 30
194 28
195 58
196 11
197 18
198 61
199 31
200 34
201 64
202 25
203 26
204 24
205 34
206 39
207 22
208 16
209 30
210 44
211 23
212 14
213 46
214 28
215 53
216 37
217 1
218 28
219 41
220 44
221 4
222 19
223 19
224 36
225 1
226 26
227 34
228 9
229 27
230 48
231 31
232 20
233 39
234 54
235 6
236 16
237 4
238 2
239 3
240 25
241 29
242 41
243 38
244 48
245 39
246 11
247 54
248 1
249 30
250 21
251 14
252 50
253 3
254 36
255 20
256 34
257 27
258 55
259 55
260 33
261 62
262 56
263 24
264 16
265 27
266 15
267 30
268 41
269 7
270 51
271 20
272 16
273 47
274 19
275 38
276 13
277 35
278 40
279 3
280 67
281 19
282 32
283 24
284 30
285 3
286 31
287 6
288 2
289 24
290 22
291 9
292 23
293 38
294 23
295 4
296 39
297 50
298 29
299 15
300 45
301 6
302 31
303 60
304 14
305 1
306 26
307 6
308 13
309 33
310 1
311 5
312 62
313 8
314 2
315 46
316 23
317 19
318 63
319 1
320 25
321 21
322 27
323 20
324 5
325 21
326 37
327 28
328 17
329 34
330 35
331 7
332 68
333 21
334 13
335 37
336 16
337 20
338 5
339 36
340 43
341 46
342 12
343 62
344 65
345 17
346 35
347 0
348 15
349 11
350 10
351 53
352 3
353 39
354 57
355 36
356 10
357 43
358 0
359 25
360 46
361 59
362 29
363 13
364 28
365 23
366 25
367 11
368 25
369 66
370 17
371 28
372 52
373 8
374 50
375 18
376 24
377 1
378 34
379 18
380 20
381 16
382 16
383 35
384 65
385 32
386 14
387 62
388 59
389 39
390 17
391 6
392 43
393 29
394 60
395 18
396 18
397 2
398 21
399 61
400 11
401 2
402 42
403 7
404 45
405 51
406 11
407 5
408 6
409 49
410 64
411 2
412 6
413 9
414 7
415 8
416 3
417 27
418 62
419 13
420 57
421 2
422 63
423 17
424 41
425 47
426 60
427 0
428 18
429 8
430 18
431 30
432 12
433 32
434 50
435 29
436 51
437 48
438 47
439 50
440 59
441 7
442 31
443 53
444 13
445 4
446 56
447 48
448 21
449 58
450 10
451 14
452 46
453 38
454 6
455 64
456 7
457 5
458 19
459 22
460 41
461 43
462 52
463 3
464 17
465 1
466 30
467 2
468 45
469 25
470 42
471 44
472 38
473 19
474 14
475 5
476 7
477 1
478 23
479 22
480 60
481 10
482 35
483 3
484 45
485 15
486 36
487 42
488 9
489 35
490 17
491 14
492 60
493 54
494 40
495 12
496 29
497 37
498 22
499 47
500 46
501 14
502 68
503 21
504 26
505 16
506 31
507 35
508 6
509 45
510 33
511 49
512 56
513 31
514 46
515 52
516 33
517 42
518 43
519 44
520 9
521 64
522 27
523 38
524 19
525 11
526 18
527 52
528 66
529 39
530 9
531 25
532 61
533 45
534 36
535 10
536 13
537 28
538 32
539 30
540 22
541 35
542 35
543 42
544 52
545 38
546 31
547 27
548 16
549 2
550 3
551 25
552 64
553 38
554 18
555 40
556 28
557 56
558 14
559 16
560 47
561 44
562 0
563 4
564 48
565 26
566 43
567 36
568 26
569 44
570 61
571 6
572 26
573 22
574 43
575 49
576 39
577 4
578 33
579 37
580 58
581 51
582 16
583 22
584 58
585 9
586 23
587 50
588 20
589 63
590 26
591 0
592 51
593 22
594 7
595 8
596 40
597 33
598 32
599 5
