600 213 161730 0.9 546 1
0 69
1 175
2 27
3 157
4 127
5 163
6 2
7 97
8 195
9 56
10 136
11 55
12 3
13 71
14 48
15 74
16 17
17 195
18 22
19 35
20 188
21 93
22 132
23 27
24 86
25 35
26 46
27 35
28 194
29 50
30 75
31 115
32 48
33 62
34 70
35 13
36 62
37 33
38 125
39 73
40 77
41 83
42 30
43 13
44 86
45 118
46 143
47 71
48 39
49 67
50 72
51 121
52 114
53 141
54 2
55 75
56 74
57 101
58 102
59 186
60 152
61 36
62 161
63 7
64 142
65 116
66 130
67 73
68 154
69 11
70 27
71 202
72 47
73 134
74 27
75 60
76 201
77 112
78 58
79 45
80 106
81 174
82 64
83 90
84 162
85 13
86 20
87 159
88 101
89 131
90 40
91 26
92 22
93 4
94 25
95 28
96 107
97 11
98 137
99 84
100 197
101 128
102 107
103 17
104 194
105 120
106 105
107 42
108 162
109 141
110 165
111 81
112 57
113 180
114 116
115 144
116 120
117 105
118 88
119 17
120 129
121 76
122 138
123 122
124 6
125 189
126 97
127 100
128 85
129 123
130 162
131 18
132 64
133 4
134 182
135 9
136 204
137 189
138 75
139 211
140 121
141 19
142 40
143 122
144 168
145 20
146 82
147 50
148 70
149 35
150 173
151 115
152 71
153 29
154 183
155 58
156 111
157 7
158 149
159 116
160 178
161 101
162 39
163 152
164 74
165 13
166 91
167 156
168 188
169 96
170 125
171 158
172 63
173 11
174 95
175 24
176 119
177 153
178 88
179 62
180 124
181 22
182 161
183 145
184 33
185 8
186 7
187 1
188 104
189 44
190 137
191 9
192 198
193 103
194 129
195 60
196 77
197 167
198 92
199 100
200 68
201 172
202 129
203 5
204 72
205 37
206 141
207 52
208 0
209 0
210 126
211 28
212 43
213 34
214 19
215 69
216 92
217 64
218 106
219 112
220 113
221 117
222 63
223 127
224 10
225 130
226 185
227 213
228 84
229 108
230 81
231 33
232 191
233 95
234 172
235 100
236 44
237 31
238 197
239 170
240 196
241 25
242 178
243 32
244 47
245 2
246 80
247 96
248 174
249 23
250 140
251 148
252 98
253 198
254 42
255 26
256 153
257 21
258 201
259 107
260 91
261 100
262 127
263 16
264 105
265 156
266 34
267 47
268 182
269 196
270 51
271 133
272 135
273 36
274 151
275 49
276 7
277 119
278 37
279 78
280 160
281 92
282 14
283 67
284 171
285 61
286 131
287 31
288 103
289 20
290 67
291 57
292 90
293 17
294 38
295 21
296 181
297 180
298 173
299 58
300 164
301 153
302 54
303 142
304 41
305 36
306 84
307 176
308 38
309 110
310 112
311 53
312 161
313 72
314 123
315 128
316 191
317 144
318 114
319 0
320 8
321 45
322 79
323 203
324 58
325 200
326 160
327 199
328 30
329 61
330 59
331 76
332 149
333 43
334 128
335 140
336 32
337 151
338 55
339 18
340 80
341 10
342 43
343 51
344 102
345 171
346 200
347 46
348 206
349 98
350 145
351 158
352 159
353 23
354 109
355 78
356 12
357 83
358 117
359 193
360 169
361 164
362 90
363 23
364 46
365 114
366 111
367 38
368 26
369 163
370 34
371 59
372 68
373 6
374 53
375 24
376 212
377 65
378 97
379 9
380 143
381 52
382 98
383 94
384 143
385 115
386 69
387 42
388 169
389 103
390 99
391 28
392 89
393 99
394 61
395 139
396 135
397 126
398 65
399 68
400 23
401 41
402 155
403 2
404 18
405 63
406 110
407 113
408 8
409 1
410 165
411 32
412 131
413 25
414 136
415 207
416 57
417 90
418 93
419 139
420 209
421 170
422 94
423 5
424 78
425 187
426 135
427 117
428 59
429 79
430 124
431 43
432 97
433 80
434 147
435 143
436 136
437 205
438 155
439 103
440 3
441 168
442 45
443 20
444 77
445 72
446 147
447 88
448 146
449 184
450 87
451 82
452 5
453 95
454 53
455 150
456 108
457 87
458 6
459 144
460 132
461 85
462 118
463 50
464 85
465 22
466 70
467 181
468 179
469 156
470 106
471 3
472 121
473 183
474 29
475 111
476 132
477 145
478 46
479 30
480 113
481 16
482 54
483 186
484 84
485 109
486 154
487 14
488 147
489 12
490 40
491 157
492 204
493 16
494 48
495 39
496 163
497 177
498 199
499 208
500 17
501 179
502 21
503 10
504 76
505 150
506 49
507 37
508 108
509 112
510 176
511 99
512 0
513 4
514 202
515 87
516 122
517 82
518 175
519 187
520 18
521 34
522 31
523 166
524 133
525 9
526 41
527 89
528 138
529 93
530 49
531 190
532 190
533 166
534 83
535 137
536 104
537 54
538 81
539 160
540 30
541 173
542 130
543 14
544 76
545 118
546 15
547 134
548 15
549 180
550 51
551 111
552 210
553 126
554 8
555 192
556 19
557 124
558 124
559 94
560 89
561 15
562 52
563 36
564 56
565 44
566 192
567 184
568 96
569 176
570 12
571 167
572 26
573 24
574 55
575 138
576 148
577 66
578 73
579 60
580 36
581 157
582 1
583 177
584 79
585 146
586 185
587 66
588 80
589 65
590 29
591 134
592 53
593 56
594 123
595 12
596 102
597 3
598 185
599 86
