1000 495 373000 0.75 749 748
0 0
1 195
2 130
3 368
4 474
5 213
6 154
7 410
8 56
9 399
10 383
11 449
12 428
13 181
14 465
15 384
16 41
17 45
18 492
19 163
20 67
21 76
22 423
23 184
24 397
25 413
26 127
27 68
28 43
29 11
30 236
31 464
32 226
33 31
34 438
35 114
36 148
37 164
38 108
39 32
40 454
41 132
42 476
43 136
44 388
45 115
46 231
47 51
48 442
49 97
50 453
51 478
52 431
53 168
54 371
55 218
56 378
57 187
58 220
59 482
60 234
61 237
62 417
63 3
64 2
65 113
66 30
67 207
68 493
69 463
70 27
71 460
72 424
73 414
74 21
75 389
76 52
77 445
78 14
79 172
80 95
81 123
82 186
83 247
84 144
85 13
86 240
87 157
88 426
89 418
90 25
91 355
92 348
93 49
94 396
95 159
96 439
97 385
98 455
99 456
100 434
101 81
102 443
103 369
104 69
105 189
106 46
107 462
108 166
109 433
110 12
111 112
112 139
113 80
114 173
115 487
116 200
117 471
118 63
119 467
120 230
121 403
122 61
123 192
124 196
125 33
126 4
127 171
128 55
129 40
130 470
131 459
132 193
133 441
134 398
135 119
136 134
137 395
138 380
139 99
140 370
141 335
142 484
143 452
144 429
145 457
146 349
147 319
148 400
149 475
150 24
151 19
152 121
153 249
154 53
155 124
156 109
157 18
158 98
159 10
160 481
161 9
162 450
163 244
164 364
165 347
166 437
167 390
168 152
169 102
170 432
171 125
172 357
173 70
174 222
175 141
176 409
177 468
178 44
179 71
180 91
181 344
182 74
183 83
184 407
185 174
186 151
187 472
188 75
189 490
190 446
191 466
192 451
193 479
194 47
195 485
196 406
197 179
198 202
199 208
200 480
201 93
202 360
203 137
204 330
205 150
206 391
207 205
208 393
209 216
210 477
211 178
212 194
213 328
214 153
215 42
216 101
217 402
218 373
219 84
220 317
221 211
222 316
223 444
224 332
225 156
226 325
227 425
228 408
229 145
230 147
231 394
232 420
233 421
234 35
235 314
236 427
237 92
238 209
239 117
240 469
241 401
242 135
243 128
244 111
245 206
246 185
247 296
248 100
249 212
250 392
251 307
252 372
253 310
254 272
255 294
256 253
257 277
258 359
259 280
260 422
261 300
262 256
263 291
264 268
265 250
266 374
267 313
268 258
269 386
270 262
271 273
272 283
273 251
274 259
275 352
276 342
277 315
278 336
279 276
280 435
281 279
282 295
283 419
284 318
285 343
286 263
287 321
288 282
289 333
290 411
291 377
292 261
293 436
294 290
295 354
296 331
297 267
298 288
299 303
300 266
301 323
302 381
303 338
304 356
305 416
306 302
307 415
308 289
309 322
310 311
311 387
312 298
313 379
314 324
315 299
316 340
317 405
318 412
319 341
320 363
321 309
322 334
323 339
324 346
325 361
326 327
327 430
328 329
329 286
330 308
331 285
332 404
333 281
334 351
335 366
336 376
337 358
338 274
339 287
340 278
341 252
342 365
343 271
344 275
345 297
346 320
347 367
348 255
349 312
350 440
351 305
352 353
353 375
354 301
355 304
356 254
357 260
358 326
359 350
360 293
361 447
362 257
363 448
364 345
365 270
366 264
367 284
368 362
369 382
370 337
371 306
372 265
373 292
374 269
375 8
376 38
377 106
378 94
379 1
380 36
381 59
382 143
383 20
384 210
385 87
386 118
387 232
388 225
389 180
390 22
391 191
392 110
393 228
394 86
395 103
396 7
397 140
398 48
399 96
400 169
401 79
402 217
403 133
404 239
405 116
406 50
407 65
408 107
409 203
410 17
411 175
412 60
413 214
414 224
415 161
416 62
417 229
418 221
419 227
420 126
421 73
422 131
423 130
424 177
425 176
426 0
427 41
428 57
429 51
430 248
431 6
432 223
433 78
434 201
435 197
436 77
437 241
438 129
439 246
440 90
441 5
442 165
443 120
444 39
445 11
446 146
447 215
448 23
449 29
450 234
451 238
452 199
453 207
454 233
455 45
456 37
457 89
458 54
459 122
460 183
461 220
462 149
463 123
464 105
465 243
466 3
467 25
468 190
469 218
470 72
471 66
472 188
473 43
474 95
475 235
476 104
477 247
478 158
479 187
480 21
481 108
482 16
483 142
484 198
485 162
486 242
487 68
488 12
489 14
490 58
491 56
492 85
493 219
494 155
495 170
496 15
497 28
498 167
499 138
500 368
501 27
502 160
503 132
504 245
505 67
506 182
507 26
508 115
509 82
510 88
511 240
512 204
513 13
514 33
515 4
516 34
517 31
518 76
519 30
520 69
521 99
522 63
523 181
524 139
525 64
526 171
527 195
528 55
529 49
530 81
531 52
532 237
533 124
534 119
535 121
536 196
537 136
538 213
539 172
540 134
541 230
542 231
543 32
544 163
545 200
546 193
547 244
548 113
549 148
550 173
551 40
552 141
553 80
554 46
555 91
556 125
557 186
558 154
559 184
560 174
561 164
562 102
563 159
564 192
565 151
566 189
567 249
568 9
569 114
570 83
571 127
572 168
573 24
574 44
575 10
576 166
577 19
578 152
579 144
580 208
581 109
582 2
583 74
584 53
585 150
586 71
587 75
588 98
589 226
590 179
591 61
592 157
593 47
594 236
595 112
596 211
597 153
598 137
599 222
600 205
601 101
602 84
603 97
604 145
605 216
606 202
607 18
608 194
609 178
610 156
611 70
612 92
613 93
614 209
615 117
616 147
617 135
618 128
619 42
620 35
621 185
622 111
623 206
624 212
625 100
626 316
627 328
628 319
629 296
630 335
631 383
632 277
633 272
634 280
635 369
636 397
637 256
638 332
639 253
640 384
641 250
642 268
643 314
644 330
645 413
646 291
647 317
648 325
649 300
650 313
651 259
652 307
653 347
654 426
655 417
656 294
657 342
658 431
659 336
660 273
661 315
662 310
663 262
664 263
665 318
666 333
667 378
668 348
669 388
670 321
671 261
672 414
673 442
674 331
675 303
676 323
677 439
678 290
679 371
680 338
681 418
682 258
683 289
684 349
685 251
686 282
687 424
688 279
689 288
690 433
691 355
692 357
693 389
694 295
695 396
696 344
697 309
698 322
699 302
700 340
701 324
702 434
703 334
704 266
705 329
706 385
707 343
708 283
709 285
710 352
711 281
712 276
713 308
714 327
715 267
716 274
717 278
718 287
719 311
720 297
721 271
722 320
723 275
724 252
725 286
726 390
727 341
728 305
729 298
730 299
731 346
732 304
733 400
734 403
735 441
736 326
737 459
738 370
739 255
740 270
741 429
742 257
743 284
744 395
745 452
746 254
747 380
748 260
749 265
750 353
751 292
752 264
753 94
754 398
755 350
756 337
757 143
758 106
759 339
760 210
761 59
762 232
763 293
764 87
765 225
766 312
767 409
768 432
769 22
770 457
771 269
772 373
773 180
774 306
775 446
776 228
777 301
778 48
779 391
780 437
781 103
782 133
783 364
784 450
785 169
786 50
787 359
788 140
789 351
790 60
791 79
792 229
793 191
794 425
795 393
796 221
797 203
798 62
799 354
800 177
801 214
802 239
803 345
804 394
805 363
806 65
807 407
808 248
809 406
810 451
811 201
812 466
813 223
814 197
815 408
816 217
817 116
818 165
819 375
820 444
821 17
822 360
823 23
824 477
825 86
826 38
827 362
828 421
829 402
830 126
831 365
832 57
833 199
834 36
835 175
836 73
837 361
838 20
839 29
840 420
841 107
842 469
843 129
844 377
845 120
846 39
847 78
848 489
849 122
850 435
851 149
852 105
853 188
854 447
855 77
856 72
857 89
858 190
859 233
860 372
861 427
862 374
863 158
864 401
865 411
866 1
867 176
868 6
869 491
870 486
871 392
872 142
873 404
874 242
875 170
876 85
877 90
878 219
879 245
880 37
881 382
882 118
883 224
884 422
885 198
886 82
887 54
888 28
889 379
890 204
891 419
892 458
893 162
894 386
895 376
896 88
897 356
898 8
899 448
900 167
901 440
902 227
903 183
904 7
905 5
906 155
907 131
908 160
909 64
910 416
911 436
912 243
913 483
914 15
915 473
916 235
917 161
918 16
919 366
920 405
921 96
922 138
923 367
924 26
925 58
926 387
927 381
928 0
929 110
930 415
931 104
932 488
933 461
934 238
935 241
936 412
937 246
938 182
939 430
940 358
941 66
942 215
943 34
944 146
945 494
946 495
947 495
948 495
949 495
950 495
951 495
952 495
953 495
954 495
955 495
956 495
957 495
958 495
959 495
960 495
961 495
962 495
963 495
964 495
965 495
966 495
967 495
968 495
969 495
970 495
971 495
972 495
973 495
974 495
975 495
976 495
977 495
978 495
979 495
980 495
981 495
982 495
983 495
984 495
985 495
986 494
987 494
988 494
989 494
990 494
991 494
992 494
993 494
994 494
995 494
996 494
997 494
998 494
999 494
