600 100 107820 0.6 371 0
0 27
1 74
2 41
3 89
4 78
5 69
6 64
7 1
8 60
9 89
10 3
11 71
12 35
13 77
14 41
15 35
16 9
17 59
18 6
19 47
20 47
21 15
22 13
23 73
24 99
25 45
26 40
27 74
28 65
29 41
30 62
31 67
32 33
33 52
34 23
35 6
36 84
37 71
38 38
39 83
40 34
41 72
42 52
43 13
44 10
45 46
46 29
47 62
48 60
49 78
50 30
51 81
52 24
53 58
54 5
55 1
56 98
57 0
58 30
59 43
60 82
61 68
62 75
63 20
64 34
65 56
66 64
67 55
68 5
69 24
70 64
71 72
72 36
73 4
74 31
75 29
76 42
77 92
78 7
79 47
80 60
81 59
82 26
83 29
84 77
85 99
86 31
87 98
88 43
89 12
90 99
91 16
92 20
93 59
94 15
95 3
96 32
97 2
98 1
99 33
100 4
101 31
102 61
103 75
104 15
105 52
106 15
107 32
108 13
109 33
110 46
111 50
112 78
113 53
114 7
115 92
116 74
117 51
118 52
119 86
120 37
121 94
122 42
123 28
124 66
125 46
126 92
127 36
128 4
129 21
130 4
131 97
132 60
133 62
134 11
135 11
136 97
137 68
138 36
139 68
140 39
141 63
142 10
143 40
144 18
145 78
146 16
147 8
148 5
149 27
150 11
151 50
152 34
153 25
154 5
155 24
156 97
157 23
158 85
159 0
160 8
161 48
162 6
163 9
164 80
165 100
166 18
167 86
168 16
169 3
170 56
171 47
172 20
173 56
174 11
175 62
176 2
177 73
178 53
179 0
180 65
181 85
182 46
183 80
184 65
185 24
186 39
187 87
188 54
189 91
190 37
191 27
192 94
193 44
194 56
195 93
196 48
197 23
198 6
199 58
200 25
201 93
202 70
203 69
204 19
205 75
206 80
207 67
208 60
209 28
210 20
211 8
212 28
213 12
214 21
215 25
216 45
217 21
218 58
219 51
220 7
221 22
222 83
223 88
224 29
225 92
226 18
227 64
228 16
229 14
230 8
231 65
232 22
233 23
234 2
235 33
236 77
237 17
238 42
239 17
240 35
241 2
242 27
243 10
244 6
245 57
246 14
247 50
248 44
249 72
250 76
251 51
252 24
253 37
254 10
255 5
256 48
257 93
258 54
259 5
260 54
261 55
262 89
263 2
264 45
265 12
266 60
267 26
268 74
269 50
270 46
271 53
272 30
273 42
274 81
275 76
276 95
277 49
278 73
279 42
280 73
281 28
282 51
283 64
284 9
285 54
286 17
287 16
288 23
289 4
290 52
291 61
292 0
293 63
294 72
295 49
296 55
297 68
298 63
299 28
300 22
301 40
302 24
303 67
304 56
305 84
306 7
307 14
308 20
309 95
310 64
311 34
312 30
313 36
314 89
315 22
316 42
317 72
318 90
319 86
320 76
321 10
322 55
323 75
324 15
325 1
326 65
327 29
328 14
329 52
330 79
331 44
332 69
333 18
334 37
335 72
336 80
337 63
338 68
339 45
340 38
341 83
342 58
343 61
344 7
345 18
346 94
347 26
348 1
349 12
350 11
351 48
352 30
353 41
354 51
355 6
356 32
357 67
358 38
359 83
360 14
361 25
362 15
363 21
364 36
365 31
366 23
367 0
368 90
369 76
370 61
371 59
372 2
373 23
374 26
375 64
376 19
377 43
378 70
379 25
380 92
381 29
382 34
383 4
384 57
385 71
386 69
387 14
388 10
389 56
390 78
391 80
392 32
393 87
394 70
395 5
396 62
397 39
398 32
399 3
400 13
401 2
402 41
403 11
404 66
405 88
406 81
407 53
408 9
409 39
410 66
411 47
412 38
413 44
414 91
415 43
416 51
417 48
418 45
419 12
420 84
421 57
422 36
423 39
424 19
425 59
426 9
427 69
428 13
429 88
430 66
431 60
432 3
433 79
434 62
435 81
436 17
437 36
438 25
439 33
440 43
441 39
442 94
443 22
444 61
445 38
446 69
447 45
448 49
449 58
450 54
451 25
452 0
453 19
454 21
455 34
456 40
457 57
458 82
459 70
460 57
461 1
462 7
463 13
464 0
465 17
466 9
467 21
468 40
469 40
470 96
471 84
472 41
473 59
474 100
475 76
476 28
477 87
478 71
479 88
480 14
481 35
482 42
483 21
484 20
485 48
486 9
487 27
488 1
489 52
490 19
491 26
492 0
493 87
494 72
495 80
496 8
497 75
498 30
499 13
500 87
501 45
502 86
503 50
504 32
505 75
506 49
507 91
508 33
509 6
510 3
511 62
512 35
513 18
514 80
515 44
516 95
517 22
518 68
519 59
520 59
521 82
522 67
523 55
524 13
525 16
526 43
527 94
528 37
529 50
530 47
531 71
532 43
533 57
534 90
535 12
536 79
537 70
538 26
539 67
540 27
541 76
542 6
543 82
544 79
545 15
546 19
547 38
548 45
549 0
550 54
551 46
552 61
553 55
554 35
555 38
556 19
557 3
558 11
559 63
560 3
561 49
562 34
563 1
564 73
565 8
566 31
567 91
568 9
569 86
570 90
571 16
572 33
573 71
574 37
575 58
576 85
577 54
578 41
579 48
580 17
581 74
582 96
583 24
584 26
585 31
586 96
587 50
588 31
589 53
590 66
591 85
592 2
593 12
594 77
595 49
596 73
597 63
598 37
599 33
