600 66 71880 0.4 277 0
0 29
1 18
2 37
3 1
4 17
5 12
6 22
7 20
8 30
9 2
10 44
11 25
12 33
13 10
14 9
15 23
16 6
17 26
18 11
19 21
20 50
21 27
22 14
23 39
24 45
25 0
26 13
27 45
28 32
29 55
30 19
31 7
32 5
33 5
34 65
35 16
36 37
37 18
38 30
39 10
40 59
41 11
42 47
43 63
44 27
45 14
46 16
47 15
48 37
49 10
50 23
51 47
52 52
53 33
54 8
55 22
56 35
57 32
58 12
59 23
60 42
61 13
62 6
63 43
64 41
65 3
66 26
67 41
68 31
69 3
70 33
71 24
72 5
73 34
74 52
75 18
76 52
77 0
78 34
79 7
80 18
81 9
82 34
83 59
84 45
85 9
86 1
87 1
88 32
89 42
90 6
91 40
92 10
93 10
94 4
95 57
96 22
97 31
98 2
99 6
100 29
101 19
102 36
103 44
104 42
105 56
106 34
107 24
108 24
109 42
110 22
111 3
112 56
113 36
114 5
115 43
116 53
117 1
118 19
119 6
120 42
121 32
122 10
123 23
124 46
125 9
126 18
127 51
128 28
129 47
130 15
131 15
132 2
133 39
134 59
135 13
136 22
137 12
138 3
139 14
140 11
141 11
142 28
143 58
144 36
145 30
146 27
147 36
148 29
149 26
150 43
151 37
152 2
153 55
154 38
155 45
156 14
157 17
158 27
159 8
160 22
161 27
162 5
163 19
164 39
165 51
166 60
167 2
168 50
169 14
170 41
171 7
172 11
173 58
174 63
175 45
176 16
177 30
178 9
179 1
180 25
181 25
182 15
183 65
184 26
185 46
186 33
187 7
188 21
189 38
190 55
191 53
192 43
193 58
194 23
195 48
196 20
197 31
198 49
199 12
200 8
201 31
202 51
203 35
204 6
205 18
206 7
207 12
208 24
209 4
210 1
211 16
212 61
213 44
214 6
215 33
216 29
217 34
218 54
219 56
220 61
221 24
222 60
223 5
224 28
225 60
226 0
227 8
228 14
229 1
230 25
231 12
232 17
233 4
234 27
235 29
236 6
237 2
238 1
239 44
240 61
241 20
242 9
243 34
244 4
245 12
246 53
247 12
248 23
249 57
250 56
251 7
252 0
253 8
254 52
255 43
256 38
257 56
258 42
259 5
260 2
261 60
262 0
263 30
264 17
265 55
266 33
267 13
268 62
269 33
270 25
271 47
272 18
273 17
274 54
275 53
276 10
277 51
278 0
279 49
280 23
281 39
282 64
283 16
284 15
285 50
286 42
287 9
288 5
289 26
290 14
291 18
292 14
293 47
294 27
295 37
296 38
297 35
298 23
299 41
300 52
301 8
302 51
303 37
304 54
305 44
306 59
307 27
308 41
309 39
310 12
311 48
312 3
313 46
314 12
315 49
316 2
317 16
318 61
319 39
320 51
321 31
322 34
323 28
324 7
325 55
326 39
327 40
328 4
329 45
330 36
331 42
332 38
333 48
334 11
335 17
336 17
337 23
338 47
339 21
340 56
341 36
342 11
343 24
344 3
345 9
346 41
347 11
348 43
349 19
350 33
351 22
352 54
353 37
354 21
355 32
356 15
357 46
358 43
359 20
360 34
361 34
362 44
363 27
364 35
365 25
366 2
367 33
368 4
369 30
370 0
371 35
372 8
373 53
374 50
375 31
376 50
377 39
378 2
379 13
380 42
381 24
382 45
383 10
384 20
385 48
386 26
387 27
388 40
389 49
390 15
391 54
392 17
393 44
394 57
395 40
396 37
397 3
398 40
399 9
400 24
401 32
402 6
403 15
404 36
405 46
406 31
407 52
408 9
409 17
410 60
411 49
412 29
413 28
414 8
415 46
416 31
417 1
418 13
419 7
420 29
421 30
422 21
423 40
424 0
425 11
426 18
427 4
428 40
429 9
430 4
431 28
432 41
433 47
434 0
435 13
436 62
437 57
438 66
439 29
440 46
441 58
442 64
443 21
444 44
445 41
446 50
447 28
448 12
449 35
450 10
451 57
452 10
453 21
454 28
455 26
456 1
457 29
458 5
459 7
460 22
461 3
462 19
463 40
464 48
465 32
466 36
467 25
468 16
469 26
470 19
471 8
472 20
473 40
474 14
475 62
476 62
477 39
478 64
479 30
480 16
481 3
482 25
483 21
484 20
485 33
486 5
487 37
488 15
489 21
490 15
491 26
492 36
493 40
494 6
495 23
496 44
497 39
498 27
499 3
500 7
501 53
502 49
503 12
504 48
505 20
506 44
507 35
508 51
509 43
510 60
511 41
512 31
513 37
514 6
515 38
516 20
517 8
518 13
519 29
520 9
521 16
522 11
523 17
524 59
525 3
526 14
527 31
528 48
529 4
530 36
531 37
532 55
533 52
534 47
535 52
536 4
537 18
538 22
539 57
540 60
541 65
542 32
543 54
544 19
545 20
546 25
547 16
548 30
549 9
550 54
551 38
552 38
553 51
554 14
555 0
556 13
557 50
558 35
559 53
560 25
561 8
562 30
563 5
564 56
565 45
566 48
567 22
568 19
569 54
570 55
571 15
572 59
573 30
574 34
575 50
576 44
577 24
578 18
579 7
580 2
581 31
582 7
583 49
584 24
585 28
586 20
587 50
588 32
589 26
590 41
591 0
592 19
593 27
594 14
595 46
596 53
597 19
598 36
599 1
