1000 573 373000 0.75 749 748
0 0
1 144
2 329
3 344
4 146
5 77
6 52
7 260
8 132
9 300
10 303
11 231
12 51
13 341
14 42
15 262
16 188
17 58
18 217
19 33
20 168
21 361
22 148
23 166
24 307
25 242
26 197
27 288
28 357
29 149
30 287
31 315
32 267
33 243
34 339
35 150
36 23
37 343
38 176
39 298
40 86
41 295
42 259
43 5
44 257
45 145
46 248
47 92
48 311
49 285
50 110
51 325
52 350
53 340
54 251
55 48
56 271
57 237
58 66
59 111
60 280
61 172
62 223
63 160
64 352
65 235
66 37
67 138
68 55
69 139
70 6
71 244
72 283
73 276
74 227
75 157
76 13
77 31
78 15
79 46
80 313
81 72
82 293
83 246
84 195
85 239
86 171
87 75
88 142
89 9
90 90
91 275
92 151
93 230
94 41
95 193
96 229
97 216
98 153
99 165
100 270
101 202
102 182
103 16
104 7
105 167
106 54
107 371
108 319
109 312
110 189
111 73
112 281
113 10
114 45
115 314
116 17
117 282
118 143
119 232
120 32
121 263
122 335
123 8
124 102
125 173
126 29
127 297
128 353
129 85
130 310
131 158
132 186
133 101
134 326
135 181
136 269
137 191
138 204
139 330
140 129
141 57
142 334
143 97
144 130
145 89
146 21
147 346
148 59
149 80
150 91
151 192
152 247
153 253
154 117
155 250
156 322
157 290
158 210
159 355
160 272
161 99
162 170
163 60
164 236
165 40
166 120
167 25
168 136
169 179
170 364
171 228
172 372
173 67
174 93
175 324
176 360
177 367
178 152
179 4
180 147
181 107
182 114
183 369
184 53
185 209
186 184
187 27
188 304
189 196
190 279
191 187
192 116
193 255
194 207
195 299
196 61
197 64
198 198
199 140
200 28
201 71
202 219
203 213
204 363
205 306
206 368
207 126
208 215
209 323
210 65
211 88
212 221
213 234
214 211
215 76
216 320
217 256
218 194
219 206
220 348
221 69
222 133
223 109
224 212
225 278
226 96
227 327
228 333
229 225
230 205
231 328
232 238
233 141
234 332
235 115
236 336
237 286
238 154
239 11
240 36
241 12
242 3
243 254
244 349
245 370
246 265
247 175
248 22
249 266
250 233
251 362
252 121
253 296
254 264
255 245
256 131
257 220
258 183
259 20
260 108
261 249
262 159
263 358
264 218
265 30
266 125
267 62
268 161
269 82
270 94
271 39
272 224
273 338
274 366
275 84
276 14
277 35
278 95
279 190
280 258
281 113
282 316
283 214
284 342
285 104
286 34
287 261
288 155
289 105
290 100
291 68
292 354
293 162
294 291
295 200
296 318
297 38
298 47
299 284
300 70
301 87
302 134
303 124
304 351
305 98
306 373
307 180
308 201
309 331
310 156
311 122
312 289
313 78
314 127
315 240
316 169
317 135
318 2
319 24
320 317
321 112
322 203
323 18
324 174
325 337
326 226
327 1
328 79
329 273
330 252
331 305
332 199
333 301
334 268
335 321
336 50
337 81
338 43
339 128
340 208
341 374
342 63
343 356
344 274
345 222
346 106
347 309
348 302
349 177
350 119
351 241
352 178
353 347
354 26
355 83
356 123
357 277
358 185
359 164
360 74
361 345
362 163
363 56
364 103
365 137
366 19
367 49
368 118
369 292
370 44
371 294
372 308
373 359
374 365
375 479
376 438
377 513
378 489
379 556
380 411
381 483
382 408
383 402
384 344
385 413
386 382
387 375
388 491
389 421
390 551
391 416
392 393
393 554
394 376
395 380
396 466
397 559
398 549
399 529
400 405
401 383
402 341
403 557
404 522
405 533
406 524
407 497
408 506
409 552
410 387
411 452
412 449
413 537
414 469
415 361
416 388
417 490
418 384
419 544
420 418
421 287
422 435
423 357
424 528
425 385
426 389
427 377
428 329
429 399
430 378
431 571
432 487
433 403
434 530
435 325
436 527
437 343
438 460
439 565
440 280
441 260
442 420
443 468
444 379
445 430
446 409
447 339
448 476
449 381
450 400
451 526
452 564
453 573
454 569
455 391
456 427
457 397
458 311
459 555
460 424
461 415
462 542
463 407
464 482
465 553
466 386
467 486
468 507
469 540
470 390
471 474
472 340
473 520
474 472
475 392
476 538
477 352
478 499
479 350
480 463
481 398
482 445
483 521
484 541
485 500
486 410
487 426
488 561
489 465
490 401
491 457
492 454
493 146
494 453
495 395
496 519
497 335
498 510
499 531
500 0
501 307
502 300
503 431
504 396
505 394
506 412
507 560
508 436
509 303
510 313
511 451
512 442
513 417
514 414
515 525
516 419
517 371
518 495
519 267
520 334
521 448
522 501
523 423
524 429
525 548
526 444
527 456
528 536
529 353
530 494
531 326
532 441
533 422
534 315
535 425
536 515
537 475
538 546
539 404
540 547
541 570
542 492
543 446
544 428
545 406
546 462
547 484
548 503
549 508
550 447
551 558
552 535
553 355
554 367
555 144
556 532
557 271
558 443
559 509
560 496
561 534
562 473
563 360
564 295
565 450
566 461
567 539
568 480
569 288
570 433
571 455
572 485
573 364
574 511
575 312
576 502
577 459
578 458
579 346
580 478
581 517
582 434
583 572
584 516
585 512
586 432
587 545
588 363
589 471
590 372
591 514
592 368
593 562
594 285
595 493
596 498
597 568
598 437
599 330
600 523
601 518
602 550
603 467
604 262
605 566
606 488
607 348
608 505
609 481
610 477
611 470
612 319
613 440
614 336
615 439
616 298
617 543
618 333
619 567
620 332
621 464
622 563
623 370
624 369
625 504
626 77
627 51
628 132
629 42
630 217
631 52
632 231
633 129
634 166
635 111
636 58
637 148
638 23
639 188
640 15
641 197
642 33
643 168
644 145
645 176
646 227
647 242
648 45
649 235
650 259
651 257
652 5
653 149
654 150
655 86
656 6
657 251
658 243
659 46
660 246
661 193
662 248
663 171
664 66
665 160
666 223
667 48
668 157
669 92
670 3
671 151
672 138
673 110
674 244
675 101
676 25
677 202
678 31
679 172
680 55
681 102
682 237
683 130
684 90
685 29
686 37
687 139
688 283
689 122
690 276
691 195
692 216
693 99
694 73
695 142
696 13
697 41
698 270
699 120
700 136
701 293
702 167
703 9
704 97
705 192
706 72
707 229
708 239
709 189
710 297
711 165
712 75
713 54
714 7
715 128
716 275
717 230
718 16
719 182
720 17
721 153
722 28
723 250
724 133
725 40
726 4
727 236
728 10
729 247
730 32
731 91
732 282
733 135
734 281
735 263
736 143
737 141
738 215
739 310
740 314
741 173
742 269
743 57
744 232
745 85
746 158
747 204
748 8
749 30
750 127
751 186
752 114
753 21
754 181
755 184
756 304
757 117
758 115
759 191
760 89
761 279
762 123
763 147
764 80
765 59
766 253
767 170
768 290
769 113
770 116
771 164
772 61
773 324
774 60
775 209
776 328
777 20
778 272
779 210
780 322
781 228
782 34
783 67
784 22
785 53
786 27
787 179
788 255
789 152
790 219
791 107
792 265
793 71
794 194
795 121
796 198
797 93
798 12
799 36
800 119
801 174
802 196
803 187
804 125
805 206
806 159
807 207
808 299
809 50
810 140
811 323
812 88
813 238
814 213
815 65
816 180
817 264
818 296
819 234
820 26
821 306
822 64
823 96
824 118
825 256
826 19
827 47
828 105
829 225
830 131
831 11
832 126
833 108
834 266
835 76
836 211
837 221
838 278
839 109
840 320
841 69
842 286
843 62
844 175
845 224
846 2
847 212
848 178
849 35
850 95
851 183
852 327
853 205
854 318
855 316
856 169
857 233
858 81
859 161
860 44
861 39
862 358
863 154
864 254
865 342
866 308
867 258
868 349
869 362
870 338
871 84
872 351
873 218
874 104
875 220
876 301
877 245
878 354
879 177
880 94
881 134
882 249
883 214
884 337
885 289
886 309
887 291
888 137
889 14
890 294
891 321
892 79
893 82
894 155
895 63
896 100
897 162
898 68
899 261
900 56
901 305
902 190
903 18
904 345
905 78
906 87
907 252
908 185
909 365
910 24
911 240
912 38
913 201
914 112
915 268
916 124
917 317
918 284
919 331
920 200
921 199
922 203
923 103
924 70
925 156
926 277
927 241
928 273
929 302
930 98
931 106
932 292
933 163
934 347
935 356
936 49
937 208
938 43
939 222
940 226
941 274
942 74
943 359
944 83
945 1
946 0
947 0
948 0
949 0
950 0
951 0
952 0
953 0
954 0
955 0
956 0
957 0
958 0
959 0
960 0
961 0
962 0
963 0
964 0
965 0
966 0
967 0
968 0
969 0
970 0
971 0
972 0
973 0
974 0
975 0
976 0
977 0
978 0
979 0
980 0
981 0
982 0
983 0
984 0
985 0
986 0
987 0
988 0
989 0
990 0
991 0
992 0
993 0
994 0
995 0
996 0
997 0
998 0
999 0
