1000 365 248000 50.0 499 498
0 0
1 125
2 246
3 238
4 7
5 116
6 197
7 109
8 182
9 204
10 241
11 237
12 124
13 132
14 140
15 155
16 195
17 222
18 184
19 138
20 85
21 24
22 235
23 12
24 63
25 114
26 77
27 173
28 167
29 234
30 22
31 202
32 10
33 157
34 232
35 127
36 20
37 230
38 179
39 57
40 26
41 153
42 172
43 3
44 72
45 118
46 248
47 88
48 189
49 176
50 32
51 186
52 97
53 38
54 37
55 128
56 95
57 76
58 161
59 219
60 33
61 70
62 81
63 216
64 198
65 84
66 243
67 108
68 148
69 105
70 69
71 14
72 41
73 151
74 48
75 25
76 214
77 133
78 139
79 115
80 117
81 34
82 135
83 99
84 5
85 75
86 59
87 177
88 146
89 218
90 233
91 13
92 8
93 231
94 131
95 213
96 100
97 223
98 64
99 101
100 73
101 102
102 98
103 17
104 193
105 178
106 58
107 51
108 144
109 54
110 44
111 215
112 166
113 149
114 145
115 9
116 107
117 66
118 27
119 183
120 43
121 87
122 71
123 147
124 142
125 136
126 103
127 143
128 199
129 4
130 150
131 83
132 240
133 137
134 168
135 170
136 203
137 126
138 154
139 228
140 224
141 220
142 78
143 36
144 130
145 175
146 86
147 113
148 79
149 244
150 191
151 206
152 6
153 207
154 185
155 28
156 236
157 91
158 174
159 53
160 187
161 50
162 61
163 21
164 159
165 68
166 65
167 19
168 123
169 171
170 16
171 160
172 169
173 242
174 106
175 39
176 163
177 31
178 92
179 82
180 217
181 56
182 201
183 60
184 141
185 192
186 35
187 42
188 112
189 45
190 212
191 30
192 122
193 89
194 74
195 152
196 104
197 47
198 111
199 210
200 200
201 225
202 180
203 55
204 205
205 40
206 190
207 129
208 29
209 229
210 247
211 93
212 49
213 134
214 221
215 80
216 18
217 96
218 120
219 181
220 62
221 162
222 226
223 158
224 209
225 211
226 245
227 164
228 1
229 2
230 110
231 119
232 165
233 23
234 67
235 94
236 11
237 121
238 15
239 156
240 90
241 46
242 239
243 194
244 188
245 196
246 227
247 208
248 52
249 0
250 249
251 125
252 279
253 238
254 281
255 251
256 256
257 197
258 182
259 246
260 307
261 285
262 258
263 7
264 311
265 318
266 195
267 109
268 271
269 237
270 184
271 24
272 204
273 116
274 273
275 235
276 132
277 289
278 313
279 317
280 77
281 286
282 202
283 124
284 232
285 63
286 157
287 250
288 230
289 155
290 294
291 222
292 312
293 114
294 85
295 127
296 264
297 12
298 138
299 259
300 153
301 57
302 316
303 118
304 140
305 179
306 295
307 72
308 277
309 76
310 304
311 329
312 344
313 20
314 161
315 351
316 186
317 70
318 108
319 248
320 241
321 298
322 332
323 267
324 296
325 325
326 341
327 263
328 69
329 355
330 10
331 268
332 331
333 243
334 339
335 148
336 133
337 234
338 75
339 34
340 173
341 346
342 177
343 198
344 22
345 254
346 310
347 128
348 274
349 216
350 26
351 95
352 291
353 3
354 48
355 97
356 297
357 8
358 354
359 301
360 58
361 176
362 88
363 54
364 167
365 172
366 5
367 100
368 319
369 32
370 213
371 33
372 214
373 350
374 345
375 131
376 265
377 38
378 278
379 321
380 151
381 253
382 81
383 362
384 347
385 276
386 150
387 240
388 360
389 27
390 17
391 144
392 257
393 168
394 25
395 99
396 352
397 322
398 41
399 98
400 102
401 293
402 305
403 105
404 262
405 9
406 361
407 314
408 51
409 218
410 166
411 333
412 359
413 353
414 83
415 231
416 159
417 266
418 113
419 185
420 37
421 290
422 308
423 337
424 327
425 178
426 284
427 189
428 342
429 283
430 84
431 309
432 224
433 160
434 91
435 302
436 206
437 260
438 280
439 326
440 336
441 64
442 71
443 292
444 53
445 139
446 275
447 212
448 287
449 115
450 14
451 30
452 349
453 269
454 149
455 365
456 217
457 340
458 236
459 16
460 145
461 135
462 205
463 43
464 59
465 328
466 13
467 215
468 282
469 68
470 82
471 255
472 42
473 66
474 223
475 270
476 130
477 303
478 29
479 272
480 87
481 61
482 219
483 93
484 175
485 36
486 79
487 80
488 92
489 19
490 306
491 252
492 136
493 47
494 21
495 261
496 334
497 300
498 288
499 52
500 0
501 35
502 320
503 137
504 279
505 343
506 315
507 245
508 299
509 281
510 307
511 146
512 147
513 170
514 126
515 191
516 258
517 357
518 101
519 28
520 356
521 364
522 323
523 211
524 363
525 227
526 203
527 142
528 242
529 313
530 23
531 44
532 107
533 249
534 117
535 335
536 122
537 200
538 317
539 183
540 285
541 256
542 86
543 273
544 235
545 294
546 348
547 208
548 330
549 338
550 162
551 49
552 232
553 324
554 318
555 316
556 163
557 112
558 295
559 229
560 264
561 94
562 244
563 286
564 143
565 169
566 78
567 196
568 344
569 2
570 56
571 259
572 106
573 304
574 248
575 60
576 31
577 341
578 158
579 165
580 358
581 251
582 233
583 193
584 65
585 325
586 355
587 1
588 339
589 180
590 241
591 174
592 289
593 346
594 298
595 45
596 207
597 187
598 104
599 73
600 296
601 351
602 188
603 171
604 67
605 121
606 246
607 110
608 4
609 103
610 55
611 199
612 268
613 120
614 311
615 192
616 134
617 62
618 46
619 6
620 154
621 277
622 220
623 274
624 271
625 263
626 152
627 123
628 18
629 301
630 228
631 50
632 354
633 319
634 362
635 90
636 291
637 297
638 243
639 310
640 345
641 347
642 350
643 39
644 194
645 119
646 253
647 181
648 278
649 221
650 74
651 15
652 141
653 265
654 276
655 262
656 230
657 210
658 293
659 201
660 312
661 222
662 329
663 209
664 267
665 226
666 239
667 231
668 111
669 305
670 89
671 40
672 156
673 96
674 257
675 353
676 352
677 129
678 284
679 314
680 238
681 332
682 11
683 331
684 164
685 283
686 190
687 309
688 321
689 179
690 254
691 333
692 290
693 225
694 204
695 292
696 240
697 260
698 287
699 125
700 336
701 326
702 213
703 342
704 247
705 337
706 275
707 327
708 349
709 236
710 197
711 340
712 237
713 116
714 155
715 218
716 280
717 217
718 308
719 282
720 215
721 322
722 214
723 184
724 198
725 140
726 302
727 255
728 250
729 202
730 303
731 272
732 212
733 182
734 270
735 266
736 189
737 195
738 328
739 138
740 269
741 252
742 224
743 306
744 172
745 223
746 173
747 234
748 261
749 216
750 219
751 7
752 70
753 109
754 52
755 69
756 132
757 63
758 124
759 14
760 118
761 12
762 24
763 72
764 10
765 22
766 85
767 57
768 105
769 20
770 59
771 167
772 127
773 77
774 114
775 47
776 38
777 53
778 157
779 54
780 81
781 88
782 102
783 142
784 151
785 26
786 153
787 108
788 64
789 3
790 117
791 37
792 145
793 32
794 176
795 76
796 51
797 84
798 186
799 97
800 128
801 33
802 95
803 183
804 161
805 148
806 58
807 115
808 25
809 44
810 133
811 146
812 68
813 139
814 48
815 135
816 91
817 101
818 41
819 86
820 177
821 34
822 149
823 99
824 94
825 178
826 43
827 191
828 185
829 131
830 87
831 206
832 5
833 75
834 13
835 208
836 8
837 170
838 27
839 61
840 193
841 163
842 100
843 82
844 17
845 71
846 166
847 83
848 143
849 73
850 98
851 211
852 130
853 107
854 79
855 9
856 203
857 188
858 144
859 4
860 122
861 60
862 103
863 30
864 16
865 66
866 136
867 92
868 196
869 147
870 168
871 42
872 21
873 199
874 78
875 150
876 200
877 207
878 137
879 36
880 205
881 50
882 169
883 104
884 126
885 56
886 106
887 154
888 19
889 123
890 28
891 112
892 67
893 113
894 175
895 31
896 18
897 194
898 162
899 110
900 93
901 46
902 6
903 65
904 29
905 119
906 187
907 159
908 174
909 181
910 160
911 35
912 80
913 171
914 90
915 210
916 180
917 201
918 39
919 121
920 120
921 49
922 192
923 165
924 111
925 209
926 141
927 156
928 134
929 96
930 152
931 2
932 158
933 23
934 11
935 129
936 164
937 45
938 62
939 55
940 190
941 15
942 89
943 40
944 74
945 1
946 0
947 0
948 0
949 0
950 0
951 0
952 0
953 0
954 0
955 0
956 0
957 0
958 0
959 0
960 0
961 0
962 0
963 0
964 0
965 0
966 0
967 0
968 0
969 0
970 0
971 0
972 0
973 0
974 0
975 0
976 0
977 0
978 0
979 0
980 0
981 0
982 0
983 0
984 0
985 0
986 0
987 0
988 0
989 0
990 0
991 0
992 0
993 0
994 0
995 0
996 0
997 0
998 0
999 0
