1000 342 248000 50.0 499 498
0 0
1 66
2 0
3 199
4 147
5 294
6 30
7 91
8 86
9 275
10 18
11 20
12 293
13 144
14 65
15 182
16 323
17 245
18 50
19 181
20 112
21 119
22 308
23 311
24 254
25 102
26 46
27 168
28 248
29 22
30 314
31 334
32 107
33 154
34 180
35 273
36 309
37 336
38 338
39 40
40 320
41 259
42 19
43 337
44 39
45 277
46 135
47 266
48 187
49 97
50 96
51 285
52 287
53 127
54 123
55 265
56 121
57 235
58 80
59 302
60 33
61 219
62 268
63 203
64 241
65 335
66 106
67 223
68 9
69 76
70 164
71 4
72 170
73 319
74 11
75 282
76 209
77 12
78 162
79 146
80 38
81 126
82 61
83 313
84 333
85 276
86 260
87 67
88 321
89 221
90 332
91 71
92 3
93 129
94 13
95 240
96 312
97 236
98 327
99 122
100 16
101 299
102 292
103 45
104 330
105 172
106 27
107 174
108 257
109 298
110 145
111 124
112 128
113 155
114 32
115 186
116 211
117 215
118 237
119 306
120 232
121 55
122 303
123 72
124 213
125 51
126 224
127 83
128 151
129 82
130 289
131 301
132 234
133 143
134 43
135 255
136 201
137 115
138 109
139 74
140 142
141 31
142 130
143 222
144 217
145 300
146 133
147 325
148 272
149 331
150 340
151 210
152 271
153 261
154 7
155 324
156 256
157 52
158 230
159 116
160 290
161 105
162 253
163 270
164 317
165 104
166 188
167 8
168 189
169 44
170 101
171 316
172 37
173 59
174 79
175 247
176 307
177 288
178 296
179 161
180 92
181 185
182 159
183 291
184 179
185 281
186 108
187 183
188 78
189 56
190 141
191 278
192 23
193 2
194 165
195 14
196 173
197 274
198 263
199 244
200 113
201 158
202 54
203 262
204 297
205 136
206 267
207 62
208 150
209 89
210 149
211 21
212 279
213 315
214 258
215 249
216 283
217 178
218 134
219 198
220 310
221 295
222 233
223 163
224 305
225 152
226 41
227 195
228 95
229 286
230 242
231 139
232 228
233 75
234 212
235 93
236 252
237 227
238 191
239 192
240 229
241 24
242 280
243 284
244 202
245 304
246 239
247 169
248 251
249 98
250 87
251 103
252 140
253 53
254 28
255 1
256 157
257 99
258 36
259 58
260 35
261 156
262 17
263 48
264 85
265 144
266 111
267 184
268 68
269 42
270 88
271 26
272 137
273 90
274 160
275 81
276 176
277 94
278 132
279 57
280 199
281 226
282 194
283 119
284 204
285 34
286 167
287 207
288 131
289 190
290 114
291 120
292 69
293 148
294 5
295 19
296 214
297 205
298 218
299 125
300 110
301 29
302 77
303 177
304 166
305 6
306 206
307 208
308 15
309 84
310 73
311 200
312 168
313 127
314 107
315 33
316 154
317 238
318 91
319 63
320 49
321 80
322 182
323 175
324 30
325 70
326 231
327 220
328 243
329 153
330 216
331 25
332 47
333 40
334 197
335 106
336 39
337 126
338 146
339 60
340 209
341 112
342 76
343 138
344 102
345 38
346 10
347 219
348 147
349 66
350 171
351 11
352 225
353 196
354 135
355 20
356 264
357 259
358 118
359 50
360 145
361 9
362 122
363 181
364 203
365 100
366 129
367 71
368 215
369 246
370 172
371 117
372 211
373 221
374 268
375 46
376 187
377 65
378 170
379 55
380 236
381 97
382 51
383 83
384 174
385 3
386 4
387 82
388 250
389 201
390 0
391 123
392 224
393 109
394 18
395 22
396 43
397 155
398 133
399 162
400 193
401 222
402 223
403 115
404 96
405 151
406 27
407 271
408 245
409 256
410 260
411 86
412 230
413 269
414 72
415 45
416 32
417 64
418 31
419 143
420 44
421 124
422 116
423 241
424 8
425 79
426 142
427 232
428 164
429 180
430 248
431 128
432 240
433 186
434 16
435 130
436 13
437 59
438 92
439 12
440 105
441 272
442 159
443 189
444 237
445 61
446 78
447 2
448 67
449 108
450 185
451 101
452 74
453 121
454 52
455 104
456 213
457 141
458 62
459 179
460 165
461 158
462 235
463 210
464 244
465 161
466 188
467 183
468 23
469 173
470 178
471 113
472 37
473 198
474 136
475 56
476 152
477 14
478 163
479 149
480 54
481 195
482 265
483 249
484 95
485 247
486 150
487 266
488 139
489 89
490 267
491 191
492 93
493 134
494 21
495 7
496 24
497 75
498 41
499 98
500 274
501 217
502 261
503 87
504 169
505 270
506 28
507 157
508 212
509 36
510 58
511 35
512 156
513 192
514 48
515 99
516 234
517 144
518 202
519 111
520 184
521 140
522 88
523 53
524 228
525 103
526 68
527 229
528 94
529 273
530 137
531 199
532 42
533 119
534 204
535 57
536 176
537 17
538 131
539 132
540 263
541 258
542 34
543 233
544 207
545 167
546 194
547 81
548 90
549 239
550 160
551 148
552 190
553 110
554 26
555 77
556 226
557 227
558 85
559 120
560 177
561 252
562 166
563 127
564 251
565 262
566 84
567 73
568 114
569 91
570 242
571 69
572 257
573 1
574 205
575 49
576 125
577 154
578 243
579 63
580 80
581 218
582 200
583 238
584 153
585 254
586 197
587 206
588 168
589 126
590 106
591 29
592 25
593 70
594 253
595 39
596 138
597 255
598 60
599 209
600 175
601 19
602 10
603 214
604 219
605 220
606 171
607 102
608 76
609 216
610 182
611 50
612 264
613 231
614 208
615 225
616 203
617 146
618 6
619 215
620 112
621 181
622 100
623 117
624 196
625 38
626 172
627 107
628 30
629 135
630 170
631 145
632 15
633 66
634 118
635 129
636 259
637 246
638 236
639 187
640 71
641 97
642 33
643 20
644 46
645 250
646 123
647 65
648 122
649 133
650 51
651 82
652 22
653 155
654 223
655 96
656 47
657 162
658 115
659 83
660 109
661 86
662 193
663 18
664 201
665 230
666 245
667 64
668 147
669 9
670 151
671 222
672 124
673 143
674 174
675 241
676 44
677 40
678 224
679 27
680 232
681 211
682 5
683 116
684 72
685 31
686 180
687 128
688 43
689 59
690 240
691 248
692 221
693 105
694 0
695 32
696 3
697 189
698 130
699 108
700 185
701 186
702 8
703 101
704 142
705 159
706 11
707 213
708 67
709 141
710 164
711 16
712 235
713 179
714 165
715 158
716 13
717 4
718 121
719 45
720 62
721 55
722 74
723 161
724 173
725 104
726 37
727 136
728 152
729 56
730 2
731 61
732 23
733 78
734 92
735 54
736 79
737 95
738 113
739 139
740 52
741 149
742 14
743 93
744 12
745 89
746 134
747 75
748 24
749 21
750 7
751 150
752 98
753 294
754 275
755 210
756 163
757 311
758 157
759 293
760 87
761 58
762 320
763 156
764 260
765 237
766 244
767 334
768 234
769 198
770 276
771 308
772 140
773 28
774 277
775 195
776 48
777 99
778 202
779 273
780 314
781 247
782 178
783 309
784 229
785 212
786 287
787 265
788 261
789 285
790 302
791 41
792 333
793 249
794 176
795 35
796 330
797 266
798 34
799 183
800 292
801 282
802 42
803 228
804 268
805 192
806 26
807 274
808 188
809 53
810 256
811 217
812 110
813 77
814 184
815 321
816 299
817 88
818 271
819 177
820 319
821 327
822 103
823 17
824 251
825 94
826 313
827 307
828 36
829 303
830 190
831 239
832 242
833 63
834 218
835 1
836 169
837 332
838 267
839 301
840 148
841 57
842 68
843 263
844 69
845 70
846 312
847 257
848 258
849 49
850 306
851 252
852 73
853 243
854 204
855 191
856 175
857 298
858 207
859 233
860 125
861 289
862 216
863 340
864 295
865 120
866 238
867 325
868 227
869 131
870 225
871 255
872 300
873 331
874 132
875 200
876 10
877 206
878 114
879 316
880 231
881 197
882 153
883 286
884 315
885 85
886 253
887 226
888 290
889 160
890 246
891 272
892 111
893 118
894 171
895 220
896 15
897 29
898 166
899 194
900 90
901 280
902 329
903 324
904 284
905 60
906 205
907 270
908 138
909 100
910 339
911 296
912 250
913 328
914 317
915 47
916 264
917 84
918 281
919 279
920 304
921 117
922 64
923 297
924 288
925 167
926 269
927 310
928 196
929 291
930 326
931 318
932 137
933 278
934 81
935 25
936 5
937 305
938 208
939 262
940 322
941 283
942 6
943 193
944 214
945 341
946 342
947 342
948 342
949 342
950 342
951 342
952 342
953 342
954 342
955 342
956 342
957 342
958 342
959 342
960 342
961 342
962 342
963 342
964 342
965 342
966 342
967 342
968 342
969 342
970 342
971 342
972 342
973 342
974 342
975 342
976 342
977 342
978 342
979 342
980 342
981 342
982 342
983 342
984 342
985 342
986 341
987 341
988 341
989 341
990 341
991 341
992 341
993 341
994 341
995 341
996 341
997 341
998 341
999 341
