600 107 107820 0.6 371 0
0 23
1 69
2 24
3 49
4 80
5 48
6 81
7 93
8 5
9 1
10 16
11 57
12 51
13 49
14 27
15 35
16 30
17 54
18 66
19 6
20 18
21 10
22 36
23 73
24 50
25 46
26 26
27 47
28 36
29 16
30 66
31 24
32 52
33 84
34 65
35 20
36 97
37 41
38 25
39 14
40 42
41 40
42 67
43 22
44 8
45 45
46 13
47 21
48 86
49 98
50 61
51 19
52 3
53 15
54 2
55 11
56 46
57 64
58 79
59 16
60 94
61 67
62 46
63 26
64 12
65 101
66 47
67 13
68 17
69 15
70 37
71 65
72 25
73 31
74 32
75 76
76 18
77 5
78 59
79 13
80 70
81 56
82 29
83 1
84 61
85 102
86 22
87 33
88 2
89 84
90 13
91 102
92 89
93 59
94 24
95 54
96 92
97 30
98 0
99 5
100 58
101 14
102 63
103 5
104 43
105 84
106 58
107 82
108 17
109 50
110 11
111 96
112 50
113 25
114 60
115 62
116 13
117 94
118 74
119 56
120 92
121 29
122 92
123 54
124 53
125 60
126 6
127 71
128 31
129 28
130 63
131 48
132 17
133 87
134 91
135 47
136 89
137 103
138 12
139 20
140 71
141 6
142 95
143 81
144 107
145 41
146 49
147 101
148 32
149 23
150 19
151 87
152 78
153 71
154 39
155 18
156 42
157 39
158 65
159 10
160 99
161 84
162 52
163 19
164 35
165 23
166 35
167 62
168 65
169 0
170 7
171 33
172 1
173 70
174 44
175 30
176 105
177 40
178 51
179 5
180 28
181 76
182 77
183 37
184 12
185 48
186 67
187 71
188 1
189 12
190 31
191 23
192 61
193 14
194 55
195 60
196 26
197 35
198 14
199 37
200 28
201 35
202 53
203 55
204 69
205 7
206 57
207 9
208 44
209 8
210 12
211 1
212 8
213 56
214 38
215 10
216 34
217 50
218 49
219 27
220 39
221 22
222 7
223 83
224 41
225 77
226 54
227 4
228 8
229 3
230 69
231 62
232 97
233 89
234 9
235 90
236 21
237 26
238 10
239 74
240 101
241 7
242 23
243 38
244 17
245 66
246 46
247 41
248 27
249 4
250 75
251 9
252 22
253 8
254 15
255 43
256 26
257 60
258 37
259 33
260 6
261 94
262 3
263 60
264 7
265 17
266 69
267 70
268 10
269 20
270 27
271 11
272 30
273 53
274 50
275 64
276 31
277 2
278 40
279 32
280 48
281 39
282 16
283 34
284 19
285 64
286 43
287 11
288 2
289 58
290 27
291 87
292 86
293 58
294 24
295 13
296 98
297 82
298 98
299 41
300 5
301 33
302 34
303 24
304 102
305 62
306 3
307 48
308 18
309 37
310 14
311 49
312 76
313 79
314 0
315 50
316 21
317 49
318 74
319 44
320 68
321 9
322 52
323 3
324 45
325 27
326 68
327 47
328 94
329 72
330 98
331 83
332 75
333 20
334 33
335 76
336 4
337 88
338 20
339 7
340 72
341 28
342 42
343 82
344 52
345 85
346 73
347 21
348 6
349 40
350 70
351 46
352 76
353 4
354 77
355 70
356 91
357 60
358 36
359 1
360 93
361 36
362 28
363 47
364 57
365 89
366 78
367 86
368 27
369 88
370 59
371 43
372 8
373 15
374 67
375 45
376 0
377 36
378 6
379 51
380 55
381 42
382 24
383 58
384 4
385 82
386 41
387 29
388 68
389 64
390 32
391 80
392 0
393 6
394 38
395 72
396 26
397 44
398 14
399 12
400 33
401 18
402 89
403 34
404 90
405 34
406 74
407 80
408 35
409 10
410 86
411 7
412 91
413 19
414 64
415 62
416 29
417 12
418 70
419 53
420 100
421 61
422 33
423 72
424 81
425 63
426 22
427 96
428 1
429 0
430 29
431 15
432 2
433 85
434 32
435 31
436 47
437 25
438 22
439 24
440 16
441 9
442 20
443 51
444 10
445 72
446 88
447 28
448 106
449 30
450 87
451 32
452 75
453 0
454 83
455 51
456 12
457 3
458 42
459 21
460 61
461 90
462 45
463 57
464 67
465 39
466 63
467 11
468 17
469 10
470 11
471 78
472 85
473 59
474 82
475 80
476 91
477 40
478 96
479 83
480 41
481 22
482 16
483 38
484 93
485 69
486 19
487 69
488 14
489 2
490 66
491 43
492 65
493 73
494 38
495 8
496 29
497 75
498 37
499 60
500 40
501 62
502 26
503 15
504 43
505 58
506 31
507 2
508 77
509 13
510 56
511 95
512 21
513 99
514 35
515 19
516 61
517 1
518 54
519 74
520 31
521 16
522 85
523 57
524 22
525 63
526 59
527 29
528 92
529 79
530 18
531 30
532 39
533 15
534 65
535 43
536 81
537 73
538 32
539 9
540 44
541 4
542 23
543 34
544 66
545 11
546 53
547 9
548 93
549 52
550 48
551 55
552 53
553 73
554 95
555 54
556 25
557 68
558 55
559 42
560 9
561 48
562 97
563 3
564 2
565 5
566 78
567 56
568 92
569 87
570 21
571 30
572 68
573 20
574 36
575 52
576 104
577 96
578 78
579 46
580 38
581 104
582 100
583 74
584 71
585 25
586 100
587 4
588 28
589 79
590 37
591 53
592 44
593 56
594 84
595 45
596 88
597 68
598 86
599 26
